#
# A fatal error has been detected by the Java Runtime Environment:
#
#  EXCEPTION_ACCESS_VIOLATION (0xc0000005) at pc=0x0000000051b7d239, pid=14212, tid=0x0000000000004148
#
# JRE version: OpenJDK Runtime Environment (8.0_152-b08) (build 1.8.0_152-release-1248-b8)
# Java VM: OpenJDK 64-Bit Server VM (25.152-b8 mixed mode windows-amd64 compressed oops)
# Problematic frame:
# V  [jvm.dll+0x3bd239]
#
# Failed to write core dump. Minidumps are not enabled by default on client versions of Windows
#
# If you would like to submit a bug report, please visit:
#   http://bugreport.java.com/bugreport/crash.jsp
#

---------------  T H R E A D  ---------------

Current thread (0x0000000002b5c000):  GCTaskThread [stack: 0x0000000012410000,0x0000000012510000] [id=16712]

siginfo: ExceptionCode=0xc0000005, reading address 0x0000000000000120

Registers:
RAX=0x0000000000000000, RBX=0x0000000012051147, RCX=0x0000000100111098, RDX=0x0000000013f74a00
RSP=0x000000001250f4b0, RBP=0x0000000012051181, RSI=0x00000000ea228e00, RDI=0x00000000ea2204f8
R8 =0x00000000ea2204f8, R9 =0x0000000100111098, R10=0x000000000000000c, R11=0x000000000000000c
R12=0x0000000012051101, R13=0x0000000013f74a00, R14=0x0000000002b4d8a0, R15=0x000000000000000c
RIP=0x0000000051b7d239, EFLAGS=0x0000000000010207

Top of Stack: (sp=0x000000001250f4b0)
0x000000001250f4b0:   0000000012051147 0000000012051181
0x000000001250f4c0:   00000000ea228e00 00000000eb31879d
0x000000001250f4d0:   0000000012051000 0000000012054ac0
0x000000001250f4e0:   0000000000000200 0000000000000100
0x000000001250f4f0:   0000000002b41250 0000000002b52ab0
0x000000001250f500:   0000000051dd6360 0000000002b5dc00
0x000000001250f510:   0000000000000000 0000000013e855c0
0x000000001250f520:   0000000002b5c560 0000000002b5c550
0x000000001250f530:   0000000013f74a00 0000000051b8f8e2
0x000000001250f540:   0000000012051100 0000000002b4da60
0x000000001250f550:   00000000ea230008 00000000ea957e30
0x000000001250f560:   0000000013f74a00 0000000000000002
0x000000001250f570:   0000000000000004 0000000002b54ba0
0x000000001250f580:   0000000013e855c0 0000000051b7ec3e
0x000000001250f590:   0000000002b5c000 0000000000000000
0x000000001250f5a0:   0000000002b5dc00 0000000000000000 

Instructions: (pc=0x0000000051b7d239)
0x0000000051b7d219:   33 f4 39 00 eb 04 4c 8b 4f 08 41 81 79 08 00 00
0x0000000051b7d229:   00 c0 73 12 49 8b 01 4c 8b c7 49 8b d5 49 8b c9
0x0000000051b7d239:   ff 90 20 01 00 00 80 3d bb e7 3f 00 00 74 16 44
0x0000000051b7d249:   8b 47 08 8b 0d 06 f4 39 00 49 d3 e0 4c 03 05 f4 


Register to memory mapping:

RAX=0x0000000000000000 is an unknown value
RBX=0x0000000012051147 is an unknown value
RCX=0x0000000100111098 is pointing into metadata
RDX=0x0000000013f74a00 is an unknown value
RSP=0x000000001250f4b0 is an unknown value
RBP=0x0000000012051181 is an unknown value
RSI=0x00000000ea228e00 is pointing into object: 0x00000000ea228df0
macromedia.asc.util.ByteList 
 - klass: 'macromedia/asc/util/ByteList'
RDI=
[error occurred during error reporting (printing register info), id 0xc0000005]

Stack: [0x0000000012410000,0x0000000012510000],  sp=0x000000001250f4b0,  free space=1021k
Native frames: (J=compiled Java code, j=interpreted, Vv=VM code, C=native code)
V  [jvm.dll+0x3bd239]
V  [jvm.dll+0x3cf8e2]
V  [jvm.dll+0x3bec3e]
V  [jvm.dll+0x26d99a]
C  [msvcr100.dll+0x21d9f]
C  [msvcr100.dll+0x21e3b]
C  [KERNEL32.DLL+0x13d2]
C  [ntdll.dll+0x154f4]


---------------  P R O C E S S  ---------------

Java Threads: ( => current thread )
  0x00000000197f7000 JavaThread "Image Fetcher 3" daemon [_thread_blocked, id=13588, stack(0x000000001a330000,0x000000001a430000)]
  0x00000000194ac800 JavaThread "Image Fetcher 2" daemon [_thread_blocked, id=15400, stack(0x000000001acc0000,0x000000001adc0000)]
  0x0000000017b68800 JavaThread "Image Fetcher 1" daemon [_thread_blocked, id=15988, stack(0x000000001a7e0000,0x000000001a8e0000)]
  0x0000000019563800 JavaThread "Image Fetcher 0" daemon [_thread_blocked, id=18128, stack(0x000000001a6e0000,0x000000001a7e0000)]
  0x0000000017b6b000 JavaThread "AWT-Windows" daemon [_thread_in_native, id=17336, stack(0x000000001a430000,0x000000001a530000)]
  0x0000000017b69800 JavaThread "Java2D Disposer" daemon [_thread_blocked, id=4080, stack(0x000000001a130000,0x000000001a230000)]
  0x0000000015c3d000 JavaThread "Thread-0" daemon [_thread_blocked, id=16516, stack(0x00000000161c0000,0x00000000162c0000)]
  0x00000000158f9000 JavaThread "Service Thread" daemon [_thread_blocked, id=14228, stack(0x0000000015ce0000,0x0000000015de0000)]
  0x0000000014008000 JavaThread "C1 CompilerThread2" daemon [_thread_blocked, id=15436, stack(0x00000000157e0000,0x00000000158e0000)]
  0x0000000013ffd800 JavaThread "C2 CompilerThread1" daemon [_thread_blocked, id=13820, stack(0x00000000156e0000,0x00000000157e0000)]
  0x0000000013fb0800 JavaThread "C2 CompilerThread0" daemon [_thread_blocked, id=13268, stack(0x00000000155e0000,0x00000000156e0000)]
  0x0000000013fb0000 JavaThread "Attach Listener" daemon [_thread_blocked, id=13868, stack(0x00000000154e0000,0x00000000155e0000)]
  0x0000000013fb5800 JavaThread "Signal Dispatcher" daemon [_thread_blocked, id=17616, stack(0x00000000153e0000,0x00000000154e0000)]
  0x0000000013f99800 JavaThread "Finalizer" daemon [_thread_blocked, id=16032, stack(0x0000000015200000,0x0000000015300000)]
  0x0000000002c31800 JavaThread "Reference Handler" daemon [_thread_blocked, id=15972, stack(0x0000000015100000,0x0000000015200000)]
  0x00000000029de000 JavaThread "main" [_thread_in_native, id=4268, stack(0x0000000002a40000,0x0000000002b40000)]

Other Threads:
  0x0000000013f78000 VMThread [stack: 0x0000000015000000,0x0000000015100000] [id=17364]
  0x00000000158f9800 WatcherThread [stack: 0x0000000015de0000,0x0000000015ee0000] [id=13240]

=>0x0000000002b5c000 (exited) GCTaskThread [stack: 0x0000000012410000,0x0000000012510000] [id=16712]

VM state:at safepoint (normal execution)

VM Mutex/Monitor currently owned by a thread:  ([mutex/lock_event])
[0x00000000029dd3d0] Threads_lock - owner thread: 0x0000000013f78000
[0x00000000029dd0d0] Heap_lock - owner thread: 0x0000000015c3d000

Heap:
 PSYoungGen      total 116736K, used 72224K [0x00000000f5580000, 0x0000000100000000, 0x0000000100000000)
  eden space 58880K, 100% used [0x00000000f5580000,0x00000000f8f00000,0x00000000f8f00000)
  from space 57856K, 23% used [0x00000000f8f00000,0x00000000f9c08020,0x00000000fc780000)
  to   space 57856K, 7% used [0x00000000fc780000,0x00000000fcb85958,0x0000000100000000)
 ParOldGen       total 263168K, used 184462K [0x00000000e0000000, 0x00000000f0100000, 0x00000000f5580000)
  object space 263168K, 70% used [0x00000000e0000000,0x00000000eb423ac0,0x00000000f0100000)
 Metaspace       used 16106K, capacity 16288K, committed 16512K, reserved 1064960K
  class space    used 1458K, capacity 1540K, committed 1664K, reserved 1048576K

Card table byte_map: [0x0000000012000000,0x0000000012110000] byte_map_base: 0x0000000011900000

Marking Bits: (ParMarkBitMap*) 0x0000000051f85aa0
 Begin Bits: [0x0000000012510000, 0x0000000012d10000)
 End Bits:   [0x0000000012d10000, 0x0000000013510000)

Polling page: 0x00000000011a0000

CodeCache: size=245760Kb used=20238Kb max_used=20251Kb free=225521Kb
 bounds [0x0000000002c40000, 0x0000000004020000, 0x0000000011c40000]
 total_blobs=4348 nmethods=3914 adapters=344
 compilation: enabled

Compilation events (10 events):
Event: 12.021 Thread 0x0000000014008000 4728       1       flex2.compiler.as3.StyleExtension::generate (1 bytes)
Event: 12.021 Thread 0x0000000014008000 nmethod 4728 0x00000000036e12d0 code [0x00000000036e1420, 0x00000000036e1530]
Event: 12.022 Thread 0x0000000014008000 4729 %     3       macromedia.asc.embedding.avmplus.ActionBlockEmitter::addMetadataInfo @ 64 (326 bytes)
Event: 12.023 Thread 0x0000000013ffd800 nmethod 4705 0x0000000003fdd110 code [0x0000000003fdd280, 0x0000000003fdd5c8]
Event: 12.023 Thread 0x0000000013ffd800 4696       4       flex2.compiler.CompilerContext::getAttribute (11 bytes)
Event: 12.025 Thread 0x0000000014008000 nmethod 4729% 0x0000000004013850 code [0x0000000004013ce0, 0x0000000004016da8]
Event: 12.029 Thread 0x0000000013ffd800 nmethod 4696 0x0000000003fe3c10 code [0x0000000003fe3d80, 0x0000000003fe4218]
Event: 12.029 Thread 0x0000000013ffd800 4730       4       macromedia.asc.parser.DefinitionNode::addMetaDataNode (34 bytes)
Event: 12.034 Thread 0x0000000013ffd800 nmethod 4730 0x0000000004019150 code [0x00000000040192c0, 0x00000000040197d8]
Event: 12.034 Thread 0x0000000013ffd800 4731 %     4       flex2.compiler.CompilerAPI::nextSource @ 845 (2179 bytes)

GC Heap History (10 events):
Event: 9.907 GC heap after
Heap after GC invocations=15 (full 1):
 PSYoungGen      total 116736K, used 22962K [0x00000000f5580000, 0x0000000100000000, 0x0000000100000000)
  eden space 58880K, 0% used [0x00000000f5580000,0x00000000f5580000,0x00000000f8f00000)
  from space 57856K, 39% used [0x00000000fc780000,0x00000000fddeca70,0x0000000100000000)
  to   space 57856K, 0% used [0x00000000f8f00000,0x00000000f8f00000,0x00000000fc780000)
 ParOldGen       total 167936K, used 155279K [0x00000000e0000000, 0x00000000ea400000, 0x00000000f5580000)
  object space 167936K, 92% used [0x00000000e0000000,0x00000000e97a3e18,0x00000000ea400000)
 Metaspace       used 16059K, capacity 16224K, committed 16512K, reserved 1064960K
  class space    used 1458K, capacity 1540K, committed 1664K, reserved 1048576K
}
Event: 9.907 GC heap before
{Heap before GC invocations=16 (full 2):
 PSYoungGen      total 116736K, used 22962K [0x00000000f5580000, 0x0000000100000000, 0x0000000100000000)
  eden space 58880K, 0% used [0x00000000f5580000,0x00000000f5580000,0x00000000f8f00000)
  from space 57856K, 39% used [0x00000000fc780000,0x00000000fddeca70,0x0000000100000000)
  to   space 57856K, 0% used [0x00000000f8f00000,0x00000000f8f00000,0x00000000fc780000)
 ParOldGen       total 167936K, used 155279K [0x00000000e0000000, 0x00000000ea400000, 0x00000000f5580000)
  object space 167936K, 92% used [0x00000000e0000000,0x00000000e97a3e18,0x00000000ea400000)
 Metaspace       used 16059K, capacity 16224K, committed 16512K, reserved 1064960K
  class space    used 1458K, capacity 1540K, committed 1664K, reserved 1048576K
Event: 10.327 GC heap after
Heap after GC invocations=16 (full 2):
 PSYoungGen      total 116736K, used 0K [0x00000000f5580000, 0x0000000100000000, 0x0000000100000000)
  eden space 58880K, 0% used [0x00000000f5580000,0x00000000f5580000,0x00000000f8f00000)
  from space 57856K, 0% used [0x00000000fc780000,0x00000000fc780000,0x0000000100000000)
  to   space 57856K, 0% used [0x00000000f8f00000,0x00000000f8f00000,0x00000000fc780000)
 ParOldGen       total 263168K, used 154131K [0x00000000e0000000, 0x00000000f0100000, 0x00000000f5580000)
  object space 263168K, 58% used [0x00000000e0000000,0x00000000e9684ce8,0x00000000f0100000)
 Metaspace       used 16059K, capacity 16224K, committed 16512K, reserved 1064960K
  class space    used 1458K, capacity 1540K, committed 1664K, reserved 1048576K
}
Event: 10.788 GC heap before
{Heap before GC invocations=17 (full 2):
 PSYoungGen      total 116736K, used 58880K [0x00000000f5580000, 0x0000000100000000, 0x0000000100000000)
  eden space 58880K, 100% used [0x00000000f5580000,0x00000000f8f00000,0x00000000f8f00000)
  from space 57856K, 0% used [0x00000000fc780000,0x00000000fc780000,0x0000000100000000)
  to   space 57856K, 0% used [0x00000000f8f00000,0x00000000f8f00000,0x00000000fc780000)
 ParOldGen       total 263168K, used 154131K [0x00000000e0000000, 0x00000000f0100000, 0x00000000f5580000)
  object space 263168K, 58% used [0x00000000e0000000,0x00000000e9684ce8,0x00000000f0100000)
 Metaspace       used 16064K, capacity 16224K, committed 16512K, reserved 1064960K
  class space    used 1458K, capacity 1540K, committed 1664K, reserved 1048576K
Event: 10.805 GC heap after
Heap after GC invocations=17 (full 2):
 PSYoungGen      total 116736K, used 11558K [0x00000000f5580000, 0x0000000100000000, 0x0000000100000000)
  eden space 58880K, 0% used [0x00000000f5580000,0x00000000f5580000,0x00000000f8f00000)
  from space 57856K, 19% used [0x00000000f8f00000,0x00000000f9a49918,0x00000000fc780000)
  to   space 57856K, 0% used [0x00000000fc780000,0x00000000fc780000,0x0000000100000000)
 ParOldGen       total 263168K, used 154131K [0x00000000e0000000, 0x00000000f0100000, 0x00000000f5580000)
  object space 263168K, 58% used [0x00000000e0000000,0x00000000e9684ce8,0x00000000f0100000)
 Metaspace       used 16064K, capacity 16224K, committed 16512K, reserved 1064960K
  class space    used 1458K, capacity 1540K, committed 1664K, reserved 1048576K
}
Event: 11.245 GC heap before
{Heap before GC invocations=18 (full 2):
 PSYoungGen      total 116736K, used 70438K [0x00000000f5580000, 0x0000000100000000, 0x0000000100000000)
  eden space 58880K, 100% used [0x00000000f5580000,0x00000000f8f00000,0x00000000f8f00000)
  from space 57856K, 19% used [0x00000000f8f00000,0x00000000f9a49918,0x00000000fc780000)
  to   space 57856K, 0% used [0x00000000fc780000,0x00000000fc780000,0x0000000100000000)
 ParOldGen       total 263168K, used 154131K [0x00000000e0000000, 0x00000000f0100000, 0x00000000f5580000)
  object space 263168K, 58% used [0x00000000e0000000,0x00000000e9684ce8,0x00000000f0100000)
 Metaspace       used 16079K, capacity 16288K, committed 16512K, reserved 1064960K
  class space    used 1458K, capacity 1540K, committed 1664K, reserved 1048576K
Event: 11.286 GC heap after
Heap after GC invocations=18 (full 2):
 PSYoungGen      total 116736K, used 10866K [0x00000000f5580000, 0x0000000100000000, 0x0000000100000000)
  eden space 58880K, 0% used [0x00000000f5580000,0x00000000f5580000,0x00000000f8f00000)
  from space 57856K, 18% used [0x00000000fc780000,0x00000000fd21cae0,0x0000000100000000)
  to   space 57856K, 0% used [0x00000000f8f00000,0x00000000f8f00000,0x00000000fc780000)
 ParOldGen       total 263168K, used 164231K [0x00000000e0000000, 0x00000000f0100000, 0x00000000f5580000)
  object space 263168K, 62% used [0x00000000e0000000,0x00000000ea061ee0,0x00000000f0100000)
 Metaspace       used 16079K, capacity 16288K, committed 16512K, reserved 1064960K
  class space    used 1458K, capacity 1540K, committed 1664K, reserved 1048576K
}
Event: 11.745 GC heap before
{Heap before GC invocations=19 (full 2):
 PSYoungGen      total 116736K, used 69746K [0x00000000f5580000, 0x0000000100000000, 0x0000000100000000)
  eden space 58880K, 100% used [0x00000000f5580000,0x00000000f8f00000,0x00000000f8f00000)
  from space 57856K, 18% used [0x00000000fc780000,0x00000000fd21cae0,0x0000000100000000)
  to   space 57856K, 0% used [0x00000000f8f00000,0x00000000f8f00000,0x00000000fc780000)
 ParOldGen       total 263168K, used 164231K [0x00000000e0000000, 0x00000000f0100000, 0x00000000f5580000)
  object space 263168K, 62% used [0x00000000e0000000,0x00000000ea061ee0,0x00000000f0100000)
 Metaspace       used 16103K, capacity 16288K, committed 16512K, reserved 1064960K
  class space    used 1458K, capacity 1540K, committed 1664K, reserved 1048576K
Event: 11.780 GC heap after
Heap after GC invocations=19 (full 2):
 PSYoungGen      total 116736K, used 13344K [0x00000000f5580000, 0x0000000100000000, 0x0000000100000000)
  eden space 58880K, 0% used [0x00000000f5580000,0x00000000f5580000,0x00000000f8f00000)
  from space 57856K, 23% used [0x00000000f8f00000,0x00000000f9c08020,0x00000000fc780000)
  to   space 57856K, 0% used [0x00000000fc780000,0x00000000fc780000,0x0000000100000000)
 ParOldGen       total 263168K, used 173407K [0x00000000e0000000, 0x00000000f0100000, 0x00000000f5580000)
  object space 263168K, 65% used [0x00000000e0000000,0x00000000ea957e30,0x00000000f0100000)
 Metaspace       used 16103K, capacity 16288K, committed 16512K, reserved 1064960K
  class space    used 1458K, capacity 1540K, committed 1664K, reserved 1048576K
}
Event: 12.070 GC heap before
{Heap before GC invocations=20 (full 2):
 PSYoungGen      total 116736K, used 72224K [0x00000000f5580000, 0x0000000100000000, 0x0000000100000000)
  eden space 58880K, 100% used [0x00000000f5580000,0x00000000f8f00000,0x00000000f8f00000)
  from space 57856K, 23% used [0x00000000f8f00000,0x00000000f9c08020,0x00000000fc780000)
  to   space 57856K, 0% used [0x00000000fc780000,0x00000000fc780000,0x0000000100000000)
 ParOldGen       total 263168K, used 173407K [0x00000000e0000000, 0x00000000f0100000, 0x00000000f5580000)
  object space 263168K, 65% used [0x00000000e0000000,0x00000000ea957e30,0x00000000f0100000)
 Metaspace       used 16106K, capacity 16288K, committed 16512K, reserved 1064960K
  class space    used 1458K, capacity 1540K, committed 1664K, reserved 1048576K

Deoptimization events (10 events):
Event: 10.839 Thread 0x0000000015c3d000 Uncommon trap: reason=class_check action=maybe_recompile pc=0x000000000379393c method=macromedia.asc.semantics.ConstantEvaluator.evaluate(Lmacromedia/asc/util/Context;Lmacromedia/asc/parser/ListNode;)Lmacromedia/asc/semantics/Value; @ 54
Event: 10.892 Thread 0x0000000015c3d000 Uncommon trap: reason=unstable_if action=reinterpret pc=0x0000000003dd21fc method=macromedia.asc.parser.Parser.parsePropertyOperator(Lmacromedia/asc/parser/Node;)Lmacromedia/asc/parser/Node; @ 101
Event: 10.892 Thread 0x0000000015c3d000 Uncommon trap: reason=unstable_if action=reinterpret pc=0x00000000037a0d70 method=macromedia.asc.parser.Parser.parseAttributeExpression()Lmacromedia/asc/parser/Node; @ 46
Event: 10.932 Thread 0x0000000015c3d000 Uncommon trap: reason=unstable_if action=reinterpret pc=0x0000000002da5358 method=sun.nio.cs.UTF_8$Encoder.encode([CII[B)I @ 33
Event: 10.932 Thread 0x0000000015c3d000 Uncommon trap: reason=unstable_if action=reinterpret pc=0x0000000003bd6938 method=java.lang.StringCoding.safeTrim([BILjava/nio/charset/Charset;Z)[B @ 3
Event: 10.976 Thread 0x0000000015c3d000 Uncommon trap: reason=unstable_if action=reinterpret pc=0x0000000003d93b5c method=flex2.compiler.CompilerAPI.nextSource(Ljava/util/List;Lflex2/compiler/util/graph/DependencyGraph;Lflex2/compiler/util/graph/DependencyGraph;Ljava/util/List;Lflex2/compiler/S
Event: 10.983 Thread 0x0000000015c3d000 Uncommon trap: reason=unstable_if action=reinterpret pc=0x0000000003e9e788 method=macromedia.asc.util.Context.coerce(Lmacromedia/asc/parser/Node;[Lmacromedia/asc/semantics/TypeInfo;Lmacromedia/asc/semantics/TypeInfo;ZZ)Lmacromedia/asc/parser/Node; @ 598
Event: 11.292 Thread 0x0000000015c3d000 Uncommon trap: reason=unstable_if action=reinterpret pc=0x0000000003a6a8a4 method=macromedia.asc.parser.Parser.getNextToken()V @ 27
Event: 11.455 Thread 0x0000000015c3d000 Uncommon trap: reason=unstable_if action=reinterpret pc=0x0000000003ce4200 method=flex2.compiler.CompilerAPI.nextSource(Ljava/util/List;Lflex2/compiler/util/graph/DependencyGraph;Lflex2/compiler/util/graph/DependencyGraph;Ljava/util/List;Lflex2/compiler/S
Event: 11.613 Thread 0x0000000015c3d000 Uncommon trap: reason=unstable_if action=reinterpret pc=0x0000000003f4a82c method=macromedia.asc.embedding.LintEvaluator.slot_isAlreadyDeclared(Lmacromedia/asc/semantics/Slot;)Z @ 8

Classes redefined (0 events):
No events

Internal exceptions (10 events):
Event: 0.620 Thread 0x0000000015c3d000 Exception <a 'java/lang/ClassNotFoundException': sun/net/www/protocol/c/Handler> (0x00000000f691c1f8) thrown at [C:\BuildAgent\work\9175b2ea7b4a3840\hotspot\src\share\vm\classfile\systemDictionary.cpp, line 210]
Event: 1.350 Thread 0x0000000015c3d000 Implicit null exception at 0x000000000318777f to 0x0000000003187c01
Event: 1.587 Thread 0x0000000015c3d000 Implicit null exception at 0x0000000003221584 to 0x0000000003221df1
Event: 2.566 Thread 0x0000000015c3d000 Implicit null exception at 0x0000000002f15a18 to 0x0000000002f15aa6
Event: 2.566 Thread 0x0000000015c3d000 Implicit null exception at 0x00000000030317af to 0x0000000003031856
Event: 3.767 Thread 0x0000000015c3d000 Exception <a 'java/io/FileNotFoundException'> (0x00000000f7d47f50) thrown at [C:\BuildAgent\work\9175b2ea7b4a3840\hotspot\src\share\vm\prims\jni.cpp, line 709]
Event: 3.797 Thread 0x0000000015c3d000 Exception <a 'java/lang/NoSuchFieldError': method resolution failed> (0x00000000f7e14c60) thrown at [C:\BuildAgent\work\9175b2ea7b4a3840\hotspot\src\share\vm\prims\methodHandles.cpp, line 1167]
Event: 3.799 Thread 0x0000000015c3d000 Exception <a 'java/lang/NoSuchFieldError': method resolution failed> (0x00000000f7e22320) thrown at [C:\BuildAgent\work\9175b2ea7b4a3840\hotspot\src\share\vm\prims\methodHandles.cpp, line 1167]
Event: 3.895 Thread 0x0000000019563800 Implicit null exception at 0x000000000319a1e9 to 0x000000000319a7a9
Event: 3.923 Thread 0x0000000017b68800 Implicit null exception at 0x00000000032af8e4 to 0x00000000032af9e5

Events (10 events):
Event: 11.704 Thread 0x0000000015c3d000 DEOPT UNPACKING pc=0x0000000002c875d0 sp=0x00000000162bde20 mode 0
Event: 11.710 Thread 0x0000000015c3d000 DEOPT PACKING pc=0x0000000003a8968b sp=0x00000000162bea10
Event: 11.710 Thread 0x0000000015c3d000 DEOPT UNPACKING pc=0x0000000002c875d0 sp=0x00000000162be7f0 mode 0
Event: 11.745 Executing VM operation: ParallelGCFailedAllocation
Event: 11.780 Executing VM operation: ParallelGCFailedAllocation done
Event: 11.888 Thread 0x0000000015c3d000 DEOPT PACKING pc=0x0000000003a8968b sp=0x00000000162bea10
Event: 11.888 Thread 0x0000000015c3d000 DEOPT UNPACKING pc=0x0000000002c875d0 sp=0x00000000162be7f0 mode 0
Event: 12.035 Thread 0x0000000015c3d000 DEOPT PACKING pc=0x0000000003a8968b sp=0x00000000162bea10
Event: 12.035 Thread 0x0000000015c3d000 DEOPT UNPACKING pc=0x0000000002c875d0 sp=0x00000000162be7f0 mode 0
Event: 12.070 Executing VM operation: ParallelGCFailedAllocation


Dynamic libraries:
0x00007ff6be970000 - 0x00007ff6be9a1000 	C:\Program Files\JetBrains\IntelliJ IDEA 2018.1.2\jre64\bin\java.exe
0x00007ffa99f90000 - 0x00007ffa9a13d000 	C:\Windows\SYSTEM32\ntdll.dll
0x00007ffa99820000 - 0x00007ffa9995e000 	C:\Windows\system32\KERNEL32.DLL
0x00007ffa88540000 - 0x00007ffa88574000 	C:\Program Files (x86)\AVG\Antivirus\x64\aswhooka.dll
0x00007ffa974f0000 - 0x00007ffa97606000 	C:\Windows\system32\KERNELBASE.dll
0x00007ffa97ab0000 - 0x00007ffa97b5a000 	C:\Windows\system32\ADVAPI32.dll
0x00007ffa97e60000 - 0x00007ffa97fd7000 	C:\Windows\system32\USER32.dll
0x00007ffa94e30000 - 0x00007ffa950ab000 	C:\Windows\WinSxS\amd64_microsoft.windows.common-controls_6595b64144ccf1df_6.0.9600.18006_none_623f33d3ecbe86e8\COMCTL32.dll
0x00007ffa97c20000 - 0x00007ffa97cca000 	C:\Windows\system32\msvcrt.dll
0x00007ffa97bc0000 - 0x00007ffa97c19000 	C:\Windows\SYSTEM32\sechost.dll
0x00007ffa97fe0000 - 0x00007ffa98120000 	C:\Windows\system32\RPCRT4.dll
0x00007ffa97890000 - 0x00007ffa979db000 	C:\Windows\system32\GDI32.dll
0x00007ffa97230000 - 0x00007ffa9725e000 	C:\Windows\system32\SspiCli.dll
0x00007ffa98120000 - 0x00007ffa98156000 	C:\Windows\system32\IMM32.DLL
0x00007ffa98190000 - 0x00007ffa982e1000 	C:\Windows\system32\MSCTF.dll
0x0000000051600000 - 0x00000000516d2000 	C:\Program Files\JetBrains\IntelliJ IDEA 2018.1.2\jre64\bin\msvcr100.dll
0x00000000517c0000 - 0x0000000052001000 	C:\Program Files\JetBrains\IntelliJ IDEA 2018.1.2\jre64\bin\server\jvm.dll
0x00007ffa93160000 - 0x00007ffa93169000 	C:\Windows\SYSTEM32\WSOCK32.dll
0x00007ffa8e440000 - 0x00007ffa8e462000 	C:\Windows\SYSTEM32\WINMM.dll
0x00007ffa93d10000 - 0x00007ffa93d1a000 	C:\Windows\SYSTEM32\VERSION.dll
0x00007ffa98180000 - 0x00007ffa98187000 	C:\Windows\system32\PSAPI.DLL
0x00007ffa97e00000 - 0x00007ffa97e5a000 	C:\Windows\system32\WS2_32.dll
0x00007ffa8e370000 - 0x00007ffa8e39a000 	C:\Windows\SYSTEM32\WINMMBASE.dll
0x00007ffa99d60000 - 0x00007ffa99d69000 	C:\Windows\system32\NSI.dll
0x00007ffa974a0000 - 0x00007ffa974ef000 	C:\Windows\SYSTEM32\cfgmgr32.dll
0x00007ffa95ed0000 - 0x00007ffa95ef8000 	C:\Windows\SYSTEM32\DEVOBJ.dll
0x00007ffa92d50000 - 0x00007ffa92d5f000 	C:\Program Files\JetBrains\IntelliJ IDEA 2018.1.2\jre64\bin\verify.dll
0x00007ffa8b480000 - 0x00007ffa8b4a9000 	C:\Program Files\JetBrains\IntelliJ IDEA 2018.1.2\jre64\bin\java.dll
0x00007ffa8b460000 - 0x00007ffa8b476000 	C:\Program Files\JetBrains\IntelliJ IDEA 2018.1.2\jre64\bin\zip.dll
0x00007ffa982f0000 - 0x00007ffa9981c000 	C:\Windows\system32\SHELL32.dll
0x00007ffa99b40000 - 0x00007ffa99d52000 	C:\Windows\SYSTEM32\combase.dll
0x00007ffa97cd0000 - 0x00007ffa97d24000 	C:\Windows\system32\SHLWAPI.dll
0x00007ffa95640000 - 0x00007ffa956f2000 	C:\Windows\SYSTEM32\SHCORE.dll
0x00007ffa970b0000 - 0x00007ffa970c5000 	C:\Windows\SYSTEM32\profapi.dll
0x00007ffa8b440000 - 0x00007ffa8b45a000 	C:\Program Files\JetBrains\IntelliJ IDEA 2018.1.2\jre64\bin\net.dll
0x00007ffa968c0000 - 0x00007ffa96919000 	C:\Windows\system32\mswsock.dll
0x00007ffa8b790000 - 0x00007ffa8b7a5000 	C:\Windows\system32\napinsp.dll
0x00007ffa8b870000 - 0x00007ffa8b88a000 	C:\Windows\system32\pnrpnsp.dll
0x00007ffa93140000 - 0x00007ffa9315b000 	C:\Windows\system32\NLAapi.dll
0x00007ffa96660000 - 0x00007ffa96704000 	C:\Windows\SYSTEM32\DNSAPI.dll
0x00007ffa8b890000 - 0x00007ffa8b89d000 	C:\Windows\System32\winrnr.dll
0x00007ffa8b850000 - 0x00007ffa8b864000 	C:\Windows\system32\wshbth.dll
0x00007ffa8d690000 - 0x00007ffa8d69a000 	C:\Windows\System32\rasadhlp.dll
0x00007ffa91a50000 - 0x00007ffa91a7a000 	C:\Windows\SYSTEM32\IPHLPAPI.DLL
0x00007ffa919f0000 - 0x00007ffa919fa000 	C:\Windows\SYSTEM32\WINNSI.DLL
0x00007ffa91850000 - 0x00007ffa918bb000 	C:\Windows\System32\fwpuclnt.dll
0x00007ffa73f80000 - 0x00007ffa74117000 	C:\Program Files\JetBrains\IntelliJ IDEA 2018.1.2\jre64\bin\awt.dll
0x00007ffa979e0000 - 0x00007ffa97aa6000 	C:\Windows\system32\OLEAUT32.dll
0x00007ffa928b0000 - 0x00007ffa92d31000 	C:\Windows\SYSTEM32\d2d1.dll
0x00007ffa95c70000 - 0x00007ffa95cfe000 	C:\Windows\system32\apphelp.dll
0x00007ffa95da0000 - 0x00007ffa95ec9000 	C:\Windows\system32\uxtheme.dll
0x00007ffa95440000 - 0x00007ffa95461000 	C:\Windows\system32\dwmapi.dll
0x00007ffa99d70000 - 0x00007ffa99f04000 	C:\Windows\system32\ole32.dll
0x00007ffa95d90000 - 0x00007ffa95d9b000 	C:\Windows\SYSTEM32\kernel.appcore.dll
0x00007ffa96f20000 - 0x00007ffa96f2b000 	C:\Windows\SYSTEM32\CRYPTBASE.dll
0x00007ffa96eb0000 - 0x00007ffa96f13000 	C:\Windows\SYSTEM32\bcryptPrimitives.dll
0x00007ffa81640000 - 0x00007ffa8166a000 	C:\Program Files\JetBrains\IntelliJ IDEA 2018.1.2\jre64\bin\jpeg.dll
0x00007ffa92ef0000 - 0x00007ffa93079000 	C:\Windows\SYSTEM32\dbghelp.dll

VM Arguments:
jvm_args: -Dapplication.home=C:\Users\PhilipD\Desktop\New folder (3)\flex_sdk_4.9.1 -Dfile.encoding=UTF-8 -Djava.awt.headless=true -Duser.language=en -Duser.region=en -Xmx512m 
java_command: com.intellij.flex.compiler.FlexCompiler 58829
java_class_path (initial): C:\Program Files\JetBrains\IntelliJ IDEA 2018.1.2\plugins\flex\lib\idea-flex-compiler-fix.jar;C:\Program Files\JetBrains\IntelliJ IDEA 2018.1.2\plugins\flex\lib\flex-compiler.jar;C:\Users\PhilipD\Desktop\New folder (3)\flex_sdk_4.9.1\lib\flex-compiler-oem.jar
Launcher Type: SUN_STANDARD

Environment Variables:
PATH=C:\Program Files (x86)\Razer Chroma SDK\bin;C:\Program Files\Razer Chroma SDK\bin;C:\Program Files (x86)\Common Files\Oracle\Java\javapath;C:\ProgramData\Oracle\Java\javapath;C:\Windows\system32;C:\Windows;C:\Windows\System32\Wbem;C:\Windows\System32\WindowsPowerShell\v1.0\;C:\Program Files (x86)\Skype\Phone\;C:\Program Files (x86)\NVIDIA Corporation\PhysX\Common;C:\Program Files\Git\cmd;C:\Program Files\PuTTY\;;C:\Program Files\Microsoft VS Code\bin
USERNAME=PhilipD
OS=Windows_NT
PROCESSOR_IDENTIFIER=Intel64 Family 6 Model 42 Stepping 7, GenuineIntel



---------------  S Y S T E M  ---------------

OS: Windows 8.1 , 64 bit Build 9600 (6.3.9600.17415)

CPU:total 4 (initial active 4) (4 cores per cpu, 1 threads per core) family 6 model 42 stepping 7, cmov, cx8, fxsr, mmx, sse, sse2, sse3, ssse3, sse4.1, sse4.2, popcnt, avx, aes, clmul, tsc, tscinvbit

Memory: 4k page, physical 8296620k(1545204k free), swap 16685228k(4815576k free)

vm_info: OpenJDK 64-Bit Server VM (25.152-b8) for windows-amd64 JRE (1.8.0_152-release-1248-b8), built on Jun 29 2018 12:50:12 by "builduser" with MS VC++ 10.0 (VS2010)

time: Fri Aug 17 17:43:55 2018
elapsed time: 12 seconds (0d 0h 0m 12s)

