#
# A fatal error has been detected by the Java Runtime Environment:
#
#  EXCEPTION_ACCESS_VIOLATION (0xc0000005) at pc=0x0000000058abf4d8, pid=14068, tid=0x00000000000022ac
#
# JRE version: OpenJDK Runtime Environment (8.0_152-b08) (build 1.8.0_152-release-1248-b8)
# Java VM: OpenJDK 64-Bit Server VM (25.152-b8 mixed mode windows-amd64 compressed oops)
# Problematic frame:
# V  [jvm.dll+0xef4d8]
#
# Failed to write core dump. Minidumps are not enabled by default on client versions of Windows
#
# If you would like to submit a bug report, please visit:
#   http://bugreport.java.com/bugreport/crash.jsp
#

---------------  T H R E A D  ---------------

Current thread (0x00000000027ba800):  GCTaskThread [stack: 0x0000000011f70000,0x0000000012070000] [id=8876]

siginfo: ExceptionCode=0xc0000005, reading address 0xffffffffffffffff

Registers:
RAX=0x0000000012170000, RBX=0x0000000000020000, RCX=0x0000000000000000, RDX=0x0000000000000000
RSP=0x000000001206f390, RBP=0x00000000e766bbc0, RSI=0x0000000013b84070, RDI=0x0000000013b84070
R8 =0x007fffffff900100, R9 =0x000000010010ad18, R10=0x000000000000000c, R11=0x0000000058f98938
R12=0x00000000e766bbc4, R13=0x000000010010af30, R14=0x000000010010af38, R15=0x00000000e766bb88
RIP=0x0000000058abf4d8, EFLAGS=0x0000000000010246

Top of Stack: (sp=0x000000001206f390)
0x000000001206f390:   000000010010ad18 00000000e766bb58
0x000000001206f3a0:   0000000000000008 0000000058bc60d2
0x000000001206f3b0:   0000000000000000 00000000027babb0
0x000000001206f3c0:   00000000027b22f0 00000000e47fe2d0
0x000000001206f3d0:   0000000000000116 0000000058d93dc0
0x000000001206f3e0:   00000000143f28f0 0000000000000200
0x000000001206f3f0:   0000000013b84070 0000000058fe4c28
0x000000001206f400:   000003bb0000005d 000003bc0000005d
0x000000001206f410:   0000000059195aa0 00000000e47fe2d0
0x000000001206f420:   0000000000000200 00000168000001a4
0x000000001206f430:   00000000e0b5eb08 0000000058abf5a6
0x000000001206f440:   00000000e04dbd10 00000000027b22f0
0x000000001206f450:   00000000027babc0 00000000027babb0
0x000000001206f460:   0000000058fe4c28 0000000000000002
0x000000001206f470:   000000001b1fbb40 0000000000000000
0x000000001206f480:   0000000013b84070 0000000058d917af 

Instructions: (pc=0x0000000058abf4d8)
0x0000000058abf4b8:   05 e3 65 6d 00 49 c1 e8 03 49 d3 e8 41 0f b6 c0
0x0000000058abf4c8:   49 c1 e8 06 24 3f 0f b6 d0 48 8b 05 f8 65 6d 00
0x0000000058abf4d8:   4a 8b 0c c0 48 0f a3 d1 0f 82 59 01 00 00 0f b6
0x0000000058abf4e8:   15 14 c5 6c 00 84 d2 74 16 44 8b 43 08 8b 0d 5d 


Register to memory mapping:

RAX=0x0000000012170000 is an unknown value
RBX=0x0000000000020000 is an unknown value
RCX=0x0000000000000000 is an unknown value
RDX=0x0000000000000000 is an unknown value
RSP=0x000000001206f390 is an unknown value
RBP=0x00000000e766bbc0 is pointing into object: 0x00000000e766bb88
macromedia.asc.semantics.ReferenceValue 
 - klass: 'macromedia/asc/semantics/ReferenceValue'
RSI=0x0000000013b84070 is an unknown value
RDI=0x0000000013b84070 is an unknown value
R8 =0x007fffffff900100 is an unknown value
R9 =0x000000010010ad18 is pointing into metadata
R10=0x000000000000000c is an unknown value
R11=0x0000000058f98938 is an unknown value
R12=0x00000000e766bbc4 is pointing into object: 0x00000000e766bb88
macromedia.asc.semantics.ReferenceValue 
 - klass: 'macromedia/asc/semantics/ReferenceValue'
R13=0x000000010010af30 is pointing into metadata
R14=0x000000010010af38 is pointing into metadata
R15=0x00000000e766bb88 is an oop
macromedia.asc.semantics.ReferenceValue 
 - klass: 'macromedia/asc/semantics/ReferenceValue'


Stack: [0x0000000011f70000,0x0000000012070000],  sp=0x000000001206f390,  free space=1020k
Native frames: (J=compiled Java code, j=interpreted, Vv=VM code, C=native code)
V  [jvm.dll+0xef4d8]
V  [jvm.dll+0x3c3dc0]
V  [jvm.dll+0x3c17af]
V  [jvm.dll+0x3bec3e]
V  [jvm.dll+0x26d99a]
C  [msvcr100.dll+0x21d9f]
C  [msvcr100.dll+0x21e3b]
C  [KERNEL32.DLL+0x13d2]
C  [ntdll.dll+0x154f4]


---------------  P R O C E S S  ---------------

Java Threads: ( => current thread )
  0x000000001638f000 JavaThread "Image Fetcher 2" daemon [_thread_blocked, id=7572, stack(0x0000000018d50000,0x0000000018e50000)]
  0x0000000019b1b800 JavaThread "Image Fetcher 1" daemon [_thread_blocked, id=9024, stack(0x0000000018c50000,0x0000000018d50000)]
  0x0000000019123000 JavaThread "Image Fetcher 0" daemon [_thread_blocked, id=5252, stack(0x000000001a750000,0x000000001a850000)]
  0x0000000017d33000 JavaThread "AWT-Windows" daemon [_thread_in_native, id=6660, stack(0x000000001a550000,0x000000001a650000)]
  0x00000000186a3000 JavaThread "Java2D Disposer" daemon [_thread_blocked, id=7628, stack(0x0000000018ec0000,0x0000000018fc0000)]
  0x0000000015fb1800 JavaThread "Thread-0" daemon [_thread_blocked, id=4836, stack(0x0000000017660000,0x0000000017760000)]
  0x0000000015590800 JavaThread "Service Thread" daemon [_thread_blocked, id=9660, stack(0x0000000015960000,0x0000000015a60000)]
  0x0000000013c34800 JavaThread "C1 CompilerThread2" daemon [_thread_blocked, id=13632, stack(0x0000000015460000,0x0000000015560000)]
  0x0000000013c29000 JavaThread "C2 CompilerThread1" daemon [_thread_blocked, id=7904, stack(0x0000000015360000,0x0000000015460000)]
  0x0000000013c20800 JavaThread "C2 CompilerThread0" daemon [_thread_blocked, id=8180, stack(0x0000000015260000,0x0000000015360000)]
  0x0000000013c1f800 JavaThread "Attach Listener" daemon [_thread_blocked, id=16300, stack(0x0000000015160000,0x0000000015260000)]
  0x0000000013c25800 JavaThread "Signal Dispatcher" daemon [_thread_blocked, id=4348, stack(0x0000000015060000,0x0000000015160000)]
  0x000000000289c800 JavaThread "Finalizer" daemon [_thread_blocked, id=2816, stack(0x0000000014e70000,0x0000000014f70000)]
  0x0000000002891800 JavaThread "Reference Handler" daemon [_thread_blocked, id=8476, stack(0x0000000014d70000,0x0000000014e70000)]
  0x00000000025cd800 JavaThread "main" [_thread_in_native, id=772, stack(0x00000000026a0000,0x00000000027a0000)]

Other Threads:
  0x0000000013be8000 VMThread [stack: 0x0000000014c70000,0x0000000014d70000] [id=12980]
  0x0000000013c7e800 WatcherThread [stack: 0x0000000015a60000,0x0000000015b60000] [id=15840]

=>0x00000000027ba800 (exited) GCTaskThread [stack: 0x0000000011f70000,0x0000000012070000] [id=8876]

VM state:at safepoint (normal execution)

VM Mutex/Monitor currently owned by a thread:  ([mutex/lock_event])
[0x00000000025cd170] Threads_lock - owner thread: 0x0000000013be8000
[0x00000000025ccc70] Heap_lock - owner thread: 0x0000000015fb1800

Heap:
 PSYoungGen      total 116736K, used 25772K [0x00000000f5580000, 0x0000000100000000, 0x0000000100000000)
  eden space 58880K, 0% used [0x00000000f5580000,0x00000000f5580000,0x00000000f8f00000)
  from space 57856K, 44% used [0x00000000f8f00000,0x00000000fa82b0e0,0x00000000fc780000)
  to   space 57856K, 0% used [0x00000000fc780000,0x00000000fc780000,0x0000000100000000)
 ParOldGen       total 161792K, used 143352K [0x00000000e0000000, 0x00000000e9e00000, 0x00000000f5580000)
  object space 161792K, 88% used [0x00000000e0000000,0x00000000e8bfe240,0x00000000e9e00000)
 Metaspace       used 16046K, capacity 16192K, committed 16384K, reserved 1064960K
  class space    used 1454K, capacity 1508K, committed 1536K, reserved 1048576K

Card table byte_map: [0x0000000011c60000,0x0000000011d70000] byte_map_base: 0x0000000011560000

Marking Bits: (ParMarkBitMap*) 0x0000000059195aa0
 Begin Bits: [0x0000000012170000, 0x0000000012970000)
 End Bits:   [0x0000000012970000, 0x0000000013170000)

Polling page: 0x0000000000e50000

CodeCache: size=245760Kb used=19305Kb max_used=19305Kb free=226454Kb
 bounds [0x00000000028a0000, 0x0000000003b90000, 0x00000000118a0000]
 total_blobs=4265 nmethods=3829 adapters=344
 compilation: enabled

Compilation events (10 events):
Event: 11.227 Thread 0x0000000013c20800 nmethod 4501 0x0000000003b648d0 code [0x0000000003b64d20, 0x0000000003b67d90]
Event: 11.227 Thread 0x0000000013c20800 4236       4       macromedia.asc.embedding.avmplus.ActionBlockEmitter::addNamespace (225 bytes)
Event: 11.345 Thread 0x0000000013c20800 nmethod 4236 0x0000000003b71010 code [0x0000000003b714a0, 0x0000000003b74490]
Event: 11.345 Thread 0x0000000013c20800 4417       4       macromedia.asc.semantics.ObjectValue::isInterface (29 bytes)
Event: 11.346 Thread 0x0000000013c20800 nmethod 4417 0x000000000356f890 code [0x000000000356f9c0, 0x000000000356fa58]
Event: 11.346 Thread 0x0000000013c20800 3526       4       macromedia.asc.semantics.ReferenceValue::lookupWithBase (21 bytes)
Event: 11.365 Thread 0x0000000013c34800 4507       3       macromedia.asc.parser.NodeFactory::memberExpression (513 bytes)
Event: 11.369 Thread 0x0000000013c34800 nmethod 4507 0x0000000003b77c10 code [0x0000000003b783a0, 0x0000000003b7ef78]
Event: 11.369 Thread 0x0000000013c34800 4508       3       macromedia.asc.parser.Parser::getNextToken (123 bytes)
Event: 11.370 Thread 0x0000000013c34800 nmethod 4508 0x0000000003b62a90 code [0x0000000003b62d00, 0x0000000003b63fb8]

GC Heap History (10 events):
Event: 8.132 GC heap after
Heap after GC invocations=8 (full 1):
 PSYoungGen      total 129536K, used 45053K [0x00000000f5580000, 0x0000000100000000, 0x0000000100000000)
  eden space 84480K, 0% used [0x00000000f5580000,0x00000000f5580000,0x00000000fa800000)
  from space 45056K, 99% used [0x00000000fa800000,0x00000000fd3ff748,0x00000000fd400000)
  to   space 45056K, 0% used [0x00000000fd400000,0x00000000fd400000,0x0000000100000000)
 ParOldGen       total 161792K, used 81179K [0x00000000e0000000, 0x00000000e9e00000, 0x00000000f5580000)
  object space 161792K, 50% used [0x00000000e0000000,0x00000000e4f46c78,0x00000000e9e00000)
 Metaspace       used 15832K, capacity 16000K, committed 16128K, reserved 1064960K
  class space    used 1448K, capacity 1508K, committed 1536K, reserved 1048576K
}
Event: 9.123 GC heap before
{Heap before GC invocations=9 (full 1):
 PSYoungGen      total 129536K, used 129533K [0x00000000f5580000, 0x0000000100000000, 0x0000000100000000)
  eden space 84480K, 100% used [0x00000000f5580000,0x00000000fa800000,0x00000000fa800000)
  from space 45056K, 99% used [0x00000000fa800000,0x00000000fd3ff748,0x00000000fd400000)
  to   space 45056K, 0% used [0x00000000fd400000,0x00000000fd400000,0x0000000100000000)
 ParOldGen       total 161792K, used 81179K [0x00000000e0000000, 0x00000000e9e00000, 0x00000000f5580000)
  object space 161792K, 50% used [0x00000000e0000000,0x00000000e4f46c78,0x00000000e9e00000)
 Metaspace       used 15952K, capacity 16128K, committed 16384K, reserved 1064960K
  class space    used 1452K, capacity 1508K, committed 1536K, reserved 1048576K
Event: 9.198 GC heap after
Heap after GC invocations=9 (full 1):
 PSYoungGen      total 103936K, used 45031K [0x00000000f5580000, 0x0000000100000000, 0x0000000100000000)
  eden space 58880K, 0% used [0x00000000f5580000,0x00000000f5580000,0x00000000f8f00000)
  from space 45056K, 99% used [0x00000000fd400000,0x00000000ffff9c18,0x0000000100000000)
  to   space 57856K, 0% used [0x00000000f8f00000,0x00000000f8f00000,0x00000000fc780000)
 ParOldGen       total 161792K, used 96137K [0x00000000e0000000, 0x00000000e9e00000, 0x00000000f5580000)
  object space 161792K, 59% used [0x00000000e0000000,0x00000000e5de2790,0x00000000e9e00000)
 Metaspace       used 15952K, capacity 16128K, committed 16384K, reserved 1064960K
  class space    used 1452K, capacity 1508K, committed 1536K, reserved 1048576K
}
Event: 9.893 GC heap before
{Heap before GC invocations=10 (full 1):
 PSYoungGen      total 103936K, used 103911K [0x00000000f5580000, 0x0000000100000000, 0x0000000100000000)
  eden space 58880K, 100% used [0x00000000f5580000,0x00000000f8f00000,0x00000000f8f00000)
  from space 45056K, 99% used [0x00000000fd400000,0x00000000ffff9c18,0x0000000100000000)
  to   space 57856K, 0% used [0x00000000f8f00000,0x00000000f8f00000,0x00000000fc780000)
 ParOldGen       total 161792K, used 96137K [0x00000000e0000000, 0x00000000e9e00000, 0x00000000f5580000)
  object space 161792K, 59% used [0x00000000e0000000,0x00000000e5de2790,0x00000000e9e00000)
 Metaspace       used 16005K, capacity 16128K, committed 16384K, reserved 1064960K
  class space    used 1452K, capacity 1508K, committed 1536K, reserved 1048576K
Event: 9.941 GC heap after
Heap after GC invocations=10 (full 1):
 PSYoungGen      total 116736K, used 52164K [0x00000000f5580000, 0x0000000100000000, 0x0000000100000000)
  eden space 58880K, 0% used [0x00000000f5580000,0x00000000f5580000,0x00000000f8f00000)
  from space 57856K, 90% used [0x00000000f8f00000,0x00000000fc1f10e8,0x00000000fc780000)
  to   space 57856K, 0% used [0x00000000fc780000,0x00000000fc780000,0x0000000100000000)
 ParOldGen       total 161792K, used 96137K [0x00000000e0000000, 0x00000000e9e00000, 0x00000000f5580000)
  object space 161792K, 59% used [0x00000000e0000000,0x00000000e5de2790,0x00000000e9e00000)
 Metaspace       used 16005K, capacity 16128K, committed 16384K, reserved 1064960K
  class space    used 1452K, capacity 1508K, committed 1536K, reserved 1048576K
}
Event: 10.599 GC heap before
{Heap before GC invocations=11 (full 1):
 PSYoungGen      total 116736K, used 111044K [0x00000000f5580000, 0x0000000100000000, 0x0000000100000000)
  eden space 58880K, 100% used [0x00000000f5580000,0x00000000f8f00000,0x00000000f8f00000)
  from space 57856K, 90% used [0x00000000f8f00000,0x00000000fc1f10e8,0x00000000fc780000)
  to   space 57856K, 0% used [0x00000000fc780000,0x00000000fc780000,0x0000000100000000)
 ParOldGen       total 161792K, used 96137K [0x00000000e0000000, 0x00000000e9e00000, 0x00000000f5580000)
  object space 161792K, 59% used [0x00000000e0000000,0x00000000e5de2790,0x00000000e9e00000)
 Metaspace       used 16025K, capacity 16192K, committed 16384K, reserved 1064960K
  class space    used 1452K, capacity 1508K, committed 1536K, reserved 1048576K
Event: 10.657 GC heap after
Heap after GC invocations=11 (full 1):
 PSYoungGen      total 116736K, used 35427K [0x00000000f5580000, 0x0000000100000000, 0x0000000100000000)
  eden space 58880K, 0% used [0x00000000f5580000,0x00000000f5580000,0x00000000f8f00000)
  from space 57856K, 61% used [0x00000000fc780000,0x00000000fea18f38,0x0000000100000000)
  to   space 57856K, 0% used [0x00000000f8f00000,0x00000000f8f00000,0x00000000fc780000)
 ParOldGen       total 161792K, used 124095K [0x00000000e0000000, 0x00000000e9e00000, 0x00000000f5580000)
  object space 161792K, 76% used [0x00000000e0000000,0x00000000e792ff20,0x00000000e9e00000)
 Metaspace       used 16025K, capacity 16192K, committed 16384K, reserved 1064960K
  class space    used 1452K, capacity 1508K, committed 1536K, reserved 1048576K
}
Event: 11.374 GC heap before
{Heap before GC invocations=12 (full 1):
 PSYoungGen      total 116736K, used 94307K [0x00000000f5580000, 0x0000000100000000, 0x0000000100000000)
  eden space 58880K, 100% used [0x00000000f5580000,0x00000000f8f00000,0x00000000f8f00000)
  from space 57856K, 61% used [0x00000000fc780000,0x00000000fea18f38,0x0000000100000000)
  to   space 57856K, 0% used [0x00000000f8f00000,0x00000000f8f00000,0x00000000fc780000)
 ParOldGen       total 161792K, used 124095K [0x00000000e0000000, 0x00000000e9e00000, 0x00000000f5580000)
  object space 161792K, 76% used [0x00000000e0000000,0x00000000e792ff20,0x00000000e9e00000)
 Metaspace       used 16046K, capacity 16192K, committed 16384K, reserved 1064960K
  class space    used 1454K, capacity 1508K, committed 1536K, reserved 1048576K
Event: 11.433 GC heap after
Heap after GC invocations=12 (full 1):
 PSYoungGen      total 116736K, used 25772K [0x00000000f5580000, 0x0000000100000000, 0x0000000100000000)
  eden space 58880K, 0% used [0x00000000f5580000,0x00000000f5580000,0x00000000f8f00000)
  from space 57856K, 44% used [0x00000000f8f00000,0x00000000fa82b0e0,0x00000000fc780000)
  to   space 57856K, 0% used [0x00000000fc780000,0x00000000fc780000,0x0000000100000000)
 ParOldGen       total 161792K, used 143352K [0x00000000e0000000, 0x00000000e9e00000, 0x00000000f5580000)
  object space 161792K, 88% used [0x00000000e0000000,0x00000000e8bfe240,0x00000000e9e00000)
 Metaspace       used 16046K, capacity 16192K, committed 16384K, reserved 1064960K
  class space    used 1454K, capacity 1508K, committed 1536K, reserved 1048576K
}
Event: 11.433 GC heap before
{Heap before GC invocations=13 (full 2):
 PSYoungGen      total 116736K, used 25772K [0x00000000f5580000, 0x0000000100000000, 0x0000000100000000)
  eden space 58880K, 0% used [0x00000000f5580000,0x00000000f5580000,0x00000000f8f00000)
  from space 57856K, 44% used [0x00000000f8f00000,0x00000000fa82b0e0,0x00000000fc780000)
  to   space 57856K, 0% used [0x00000000fc780000,0x00000000fc780000,0x0000000100000000)
 ParOldGen       total 161792K, used 143352K [0x00000000e0000000, 0x00000000e9e00000, 0x00000000f5580000)
  object space 161792K, 88% used [0x00000000e0000000,0x00000000e8bfe240,0x00000000e9e00000)
 Metaspace       used 16046K, capacity 16192K, committed 16384K, reserved 1064960K
  class space    used 1454K, capacity 1508K, committed 1536K, reserved 1048576K

Deoptimization events (10 events):
Event: 10.862 Thread 0x0000000015fb1800 Uncommon trap: reason=bimorphic action=maybe_recompile pc=0x000000000373e654 method=macromedia.asc.semantics.ConfigurationEvaluator.evaluate(Lmacromedia/asc/util/Context;Lmacromedia/asc/parser/GetExpressionNode;)Lmacromedia/asc/semantics/Value; @ 6
Event: 10.862 Thread 0x0000000015fb1800 Uncommon trap: reason=bimorphic action=maybe_recompile pc=0x000000000373e654 method=macromedia.asc.semantics.ConfigurationEvaluator.evaluate(Lmacromedia/asc/util/Context;Lmacromedia/asc/parser/GetExpressionNode;)Lmacromedia/asc/semantics/Value; @ 6
Event: 10.862 Thread 0x0000000015fb1800 Uncommon trap: reason=bimorphic action=maybe_recompile pc=0x0000000002f37410 method=flash.swf.tools.as3.EvaluatorAdapter.evaluate(Lmacromedia/asc/util/Context;Lmacromedia/asc/parser/GetExpressionNode;)Lmacromedia/asc/semantics/Value; @ 13
Event: 10.862 Thread 0x0000000015fb1800 Uncommon trap: reason=class_check action=maybe_recompile pc=0x0000000002b6273c method=flash.swf.tools.as3.EvaluatorAdapter.evaluate(Lmacromedia/asc/util/Context;Lmacromedia/asc/parser/QualifiedIdentifierNode;)Lmacromedia/asc/semantics/Value; @ 13
Event: 10.862 Thread 0x0000000015fb1800 Uncommon trap: reason=bimorphic action=maybe_recompile pc=0x0000000002f37410 method=flash.swf.tools.as3.EvaluatorAdapter.evaluate(Lmacromedia/asc/util/Context;Lmacromedia/asc/parser/GetExpressionNode;)Lmacromedia/asc/semantics/Value; @ 13
Event: 10.862 Thread 0x0000000015fb1800 Uncommon trap: reason=class_check action=maybe_recompile pc=0x0000000002b6273c method=flash.swf.tools.as3.EvaluatorAdapter.evaluate(Lmacromedia/asc/util/Context;Lmacromedia/asc/parser/QualifiedIdentifierNode;)Lmacromedia/asc/semantics/Value; @ 13
Event: 10.863 Thread 0x0000000015fb1800 Uncommon trap: reason=bimorphic action=maybe_recompile pc=0x0000000002f37410 method=flash.swf.tools.as3.EvaluatorAdapter.evaluate(Lmacromedia/asc/util/Context;Lmacromedia/asc/parser/GetExpressionNode;)Lmacromedia/asc/semantics/Value; @ 13
Event: 10.863 Thread 0x0000000015fb1800 Uncommon trap: reason=class_check action=maybe_recompile pc=0x0000000002b6273c method=flash.swf.tools.as3.EvaluatorAdapter.evaluate(Lmacromedia/asc/util/Context;Lmacromedia/asc/parser/QualifiedIdentifierNode;)Lmacromedia/asc/semantics/Value; @ 13
Event: 10.863 Thread 0x0000000015fb1800 Uncommon trap: reason=bimorphic action=maybe_recompile pc=0x0000000002f37410 method=flash.swf.tools.as3.EvaluatorAdapter.evaluate(Lmacromedia/asc/util/Context;Lmacromedia/asc/parser/GetExpressionNode;)Lmacromedia/asc/semantics/Value; @ 13
Event: 10.863 Thread 0x0000000015fb1800 Uncommon trap: reason=class_check action=maybe_recompile pc=0x0000000002b6273c method=flash.swf.tools.as3.EvaluatorAdapter.evaluate(Lmacromedia/asc/util/Context;Lmacromedia/asc/parser/QualifiedIdentifierNode;)Lmacromedia/asc/semantics/Value; @ 13

Classes redefined (0 events):
No events

Internal exceptions (10 events):
Event: 1.820 Thread 0x0000000015fb1800 Implicit null exception at 0x0000000002f0f298 to 0x0000000002f1053d
Event: 1.820 Thread 0x0000000015fb1800 Implicit null exception at 0x0000000002e55c8d to 0x0000000002e56111
Event: 3.008 Thread 0x0000000015fb1800 Implicit null exception at 0x0000000002c8c69b to 0x0000000002c8c77b
Event: 3.008 Thread 0x0000000015fb1800 Implicit null exception at 0x0000000002e1f8af to 0x0000000002e1f919
Event: 4.528 Thread 0x0000000015fb1800 Exception <a 'java/io/FileNotFoundException'> (0x00000000f7d69828) thrown at [C:\BuildAgent\work\9175b2ea7b4a3840\hotspot\src\share\vm\prims\jni.cpp, line 709]
Event: 4.569 Thread 0x0000000015fb1800 Exception <a 'java/lang/NoSuchFieldError': method resolution failed> (0x00000000f7e36618) thrown at [C:\BuildAgent\work\9175b2ea7b4a3840\hotspot\src\share\vm\prims\methodHandles.cpp, line 1167]
Event: 4.572 Thread 0x0000000015fb1800 Exception <a 'java/lang/NoSuchFieldError': method resolution failed> (0x00000000f7e43cd8) thrown at [C:\BuildAgent\work\9175b2ea7b4a3840\hotspot\src\share\vm\prims\methodHandles.cpp, line 1167]
Event: 4.829 Thread 0x0000000019123000 Implicit null exception at 0x0000000002dd9d29 to 0x0000000002dda2e9
Event: 4.931 Thread 0x0000000019b1b800 Implicit null exception at 0x0000000003383824 to 0x0000000003383925
Event: 4.943 Thread 0x000000001638f000 Implicit null exception at 0x0000000002d7265a to 0x0000000002d726e9

Events (10 events):
Event: 10.863 Thread 0x0000000015fb1800 DEOPT UNPACKING pc=0x00000000028e557b sp=0x000000001775de50 mode 2
Event: 11.156 Thread 0x0000000015fb1800 DEOPT PACKING pc=0x0000000002ede648 sp=0x000000001775e5b0
Event: 11.156 Thread 0x0000000015fb1800 DEOPT UNPACKING pc=0x00000000028e75d0 sp=0x000000001775e300 mode 0
Event: 11.192 loading class flash/swf/types/DropShadowFilter
Event: 11.192 loading class flash/swf/types/DropShadowFilter done
Event: 11.192 loading class flash/swf/types/Filter
Event: 11.192 loading class flash/swf/types/Filter done
Event: 11.358 Thread 0x0000000019b1b800 DEOPT PACKING pc=0x0000000003af4069 sp=0x0000000018d4ee40
Event: 11.358 Thread 0x0000000019b1b800 DEOPT UNPACKING pc=0x00000000028e75d0 sp=0x0000000018d4ec78 mode 0
Event: 11.373 Executing VM operation: ParallelGCFailedAllocation


Dynamic libraries:
0x00007ff6b2c10000 - 0x00007ff6b2c41000 	C:\Program Files\JetBrains\IntelliJ IDEA 2018.1.2\jre64\bin\java.exe
0x00007ffc9ebc0000 - 0x00007ffc9ed6d000 	C:\Windows\SYSTEM32\ntdll.dll
0x00007ffc9e840000 - 0x00007ffc9e97e000 	C:\Windows\system32\KERNEL32.DLL
0x00007ffc87350000 - 0x00007ffc87384000 	C:\Program Files (x86)\AVG\Antivirus\x64\aswhooka.dll
0x00007ffc9c050000 - 0x00007ffc9c166000 	C:\Windows\system32\KERNELBASE.dll
0x00007ffc9de50000 - 0x00007ffc9defa000 	C:\Windows\system32\ADVAPI32.dll
0x00007ffc9e370000 - 0x00007ffc9e4e7000 	C:\Windows\system32\USER32.dll
0x00007ffc99e00000 - 0x00007ffc9a07b000 	C:\Windows\WinSxS\amd64_microsoft.windows.common-controls_6595b64144ccf1df_6.0.9600.18006_none_623f33d3ecbe86e8\COMCTL32.dll
0x00007ffc9df60000 - 0x00007ffc9e00a000 	C:\Windows\system32\msvcrt.dll
0x00007ffc9e980000 - 0x00007ffc9e9d9000 	C:\Windows\SYSTEM32\sechost.dll
0x00007ffc9db50000 - 0x00007ffc9dc90000 	C:\Windows\system32\RPCRT4.dll
0x00007ffc9d9a0000 - 0x00007ffc9daeb000 	C:\Windows\system32\GDI32.dll
0x00007ffc9c170000 - 0x00007ffc9c19e000 	C:\Windows\system32\SspiCli.dll
0x00007ffc9df00000 - 0x00007ffc9df36000 	C:\Windows\system32\IMM32.DLL
0x00007ffc9dcf0000 - 0x00007ffc9de41000 	C:\Windows\system32\MSCTF.dll
0x0000000059980000 - 0x0000000059a52000 	C:\Program Files\JetBrains\IntelliJ IDEA 2018.1.2\jre64\bin\msvcr100.dll
0x00000000589d0000 - 0x0000000059211000 	C:\Program Files\JetBrains\IntelliJ IDEA 2018.1.2\jre64\bin\server\jvm.dll
0x00007ffc93ac0000 - 0x00007ffc93ac9000 	C:\Windows\SYSTEM32\WSOCK32.dll
0x00007ffc96320000 - 0x00007ffc96342000 	C:\Windows\SYSTEM32\WINMM.dll
0x00007ffc98110000 - 0x00007ffc9811a000 	C:\Windows\SYSTEM32\VERSION.dll
0x00007ffc9c250000 - 0x00007ffc9c257000 	C:\Windows\system32\PSAPI.DLL
0x00007ffc9d940000 - 0x00007ffc9d99a000 	C:\Windows\system32\WS2_32.dll
0x00007ffc96240000 - 0x00007ffc9626a000 	C:\Windows\SYSTEM32\WINMMBASE.dll
0x00007ffc9e140000 - 0x00007ffc9e149000 	C:\Windows\system32\NSI.dll
0x00007ffc9c1a0000 - 0x00007ffc9c1ef000 	C:\Windows\SYSTEM32\cfgmgr32.dll
0x00007ffc9ab00000 - 0x00007ffc9ab28000 	C:\Windows\SYSTEM32\DEVOBJ.dll
0x00007ffc96fa0000 - 0x00007ffc96faf000 	C:\Program Files\JetBrains\IntelliJ IDEA 2018.1.2\jre64\bin\verify.dll
0x00007ffc96f60000 - 0x00007ffc96f89000 	C:\Program Files\JetBrains\IntelliJ IDEA 2018.1.2\jre64\bin\java.dll
0x00007ffc96f40000 - 0x00007ffc96f56000 	C:\Program Files\JetBrains\IntelliJ IDEA 2018.1.2\jre64\bin\zip.dll
0x00007ffc9c270000 - 0x00007ffc9d79c000 	C:\Windows\system32\SHELL32.dll
0x00007ffc9e150000 - 0x00007ffc9e362000 	C:\Windows\SYSTEM32\combase.dll
0x00007ffc9dc90000 - 0x00007ffc9dce4000 	C:\Windows\system32\SHLWAPI.dll
0x00007ffc9a2e0000 - 0x00007ffc9a392000 	C:\Windows\SYSTEM32\SHCORE.dll
0x00007ffc9bcf0000 - 0x00007ffc9bd05000 	C:\Windows\SYSTEM32\profapi.dll
0x00007ffc96890000 - 0x00007ffc968aa000 	C:\Program Files\JetBrains\IntelliJ IDEA 2018.1.2\jre64\bin\net.dll
0x00007ffc9b580000 - 0x00007ffc9b5d9000 	C:\Windows\system32\mswsock.dll
0x00007ffc8e9b0000 - 0x00007ffc8e9c5000 	C:\Windows\system32\napinsp.dll
0x00007ffc8e9d0000 - 0x00007ffc8e9ea000 	C:\Windows\system32\pnrpnsp.dll
0x00007ffc97bf0000 - 0x00007ffc97c0b000 	C:\Windows\system32\NLAapi.dll
0x00007ffc9b350000 - 0x00007ffc9b3f4000 	C:\Windows\SYSTEM32\DNSAPI.dll
0x00007ffc8ea00000 - 0x00007ffc8ea0d000 	C:\Windows\System32\winrnr.dll
0x00007ffc8ea10000 - 0x00007ffc8ea24000 	C:\Windows\system32\wshbth.dll
0x000000005a010000 - 0x000000005a036000 	C:\Program Files\Bonjour\mdnsNSP.dll
0x00007ffc96210000 - 0x00007ffc9623a000 	C:\Windows\SYSTEM32\Iphlpapi.DLL
0x00007ffc968d0000 - 0x00007ffc968da000 	C:\Windows\SYSTEM32\WINNSI.DLL
0x00007ffc91320000 - 0x00007ffc9132a000 	C:\Windows\System32\rasadhlp.dll
0x00007ffc96120000 - 0x00007ffc9618b000 	C:\Windows\System32\fwpuclnt.dll
0x00007ffc8b220000 - 0x00007ffc8b3b7000 	C:\Program Files\JetBrains\IntelliJ IDEA 2018.1.2\jre64\bin\awt.dll
0x00007ffc9e6a0000 - 0x00007ffc9e766000 	C:\Windows\system32\OLEAUT32.dll
0x00007ffc8bcf0000 - 0x00007ffc8c171000 	C:\Windows\SYSTEM32\d2d1.dll
0x00007ffc9a8b0000 - 0x00007ffc9a93e000 	C:\Windows\system32\apphelp.dll
0x00007ffc9a980000 - 0x00007ffc9aaa9000 	C:\Windows\system32\uxtheme.dll
0x00007ffc9a080000 - 0x00007ffc9a0a1000 	C:\Windows\system32\dwmapi.dll
0x00007ffc9d7a0000 - 0x00007ffc9d934000 	C:\Windows\system32\ole32.dll
0x00007ffc9ab50000 - 0x00007ffc9ab5b000 	C:\Windows\SYSTEM32\kernel.appcore.dll
0x00007ffc9bc30000 - 0x00007ffc9bc3b000 	C:\Windows\SYSTEM32\CRYPTBASE.dll
0x00007ffc9bbc0000 - 0x00007ffc9bc23000 	C:\Windows\SYSTEM32\bcryptPrimitives.dll
0x00007ffc85f40000 - 0x00007ffc85f6a000 	C:\Program Files\JetBrains\IntelliJ IDEA 2018.1.2\jre64\bin\jpeg.dll
0x00007ffc92270000 - 0x00007ffc923f9000 	C:\Windows\SYSTEM32\dbghelp.dll

VM Arguments:
jvm_args: -Dapplication.home=C:\Users\PhilipD\Desktop\New folder (3)\flex_sdk_4.9.1 -Dfile.encoding=UTF-8 -Djava.awt.headless=true -Duser.language=en -Duser.region=en -Xmx512m 
java_command: com.intellij.flex.compiler.FlexCompiler 51862
java_class_path (initial): C:\Program Files\JetBrains\IntelliJ IDEA 2018.1.2\plugins\flex\lib\idea-flex-compiler-fix.jar;C:\Program Files\JetBrains\IntelliJ IDEA 2018.1.2\plugins\flex\lib\flex-compiler.jar;C:\Users\PhilipD\Desktop\New folder (3)\flex_sdk_4.9.1\lib\flex-compiler-oem.jar
Launcher Type: SUN_STANDARD

Environment Variables:
PATH=C:\Program Files (x86)\Common Files\Oracle\Java\javapath;C:\ProgramData\Oracle\Java\javapath;C:\Windows\system32;C:\Windows;C:\Windows\System32\Wbem;C:\Windows\System32\WindowsPowerShell\v1.0\;C:\Program Files (x86)\Skype\Phone\;C:\Program Files (x86)\NVIDIA Corporation\PhysX\Common;C:\Program Files\Git\cmd;;C:\Program Files\Microsoft VS Code\bin
USERNAME=PhilipD
OS=Windows_NT
PROCESSOR_IDENTIFIER=Intel64 Family 6 Model 42 Stepping 7, GenuineIntel



---------------  S Y S T E M  ---------------

OS: Windows 8.1 , 64 bit Build 9600 (6.3.9600.17415)

CPU:total 4 (initial active 4) (4 cores per cpu, 1 threads per core) family 6 model 42 stepping 7, cmov, cx8, fxsr, mmx, sse, sse2, sse3, ssse3, sse4.1, sse4.2, popcnt, avx, aes, clmul, tsc, tscinvbit

Memory: 4k page, physical 8296620k(2655820k free), swap 16685228k(5626340k free)

vm_info: OpenJDK 64-Bit Server VM (25.152-b8) for windows-amd64 JRE (1.8.0_152-release-1248-b8), built on Jun 29 2018 12:50:12 by "builduser" with MS VC++ 10.0 (VS2010)

time: Sat Aug 04 00:26:28 2018
elapsed time: 11 seconds (0d 0h 0m 11s)

