#
# A fatal error has been detected by the Java Runtime Environment:
#
#  EXCEPTION_ACCESS_VIOLATION (0xc0000005) at pc=0x0000000002b1d5e4, pid=9732, tid=0x0000000000002fc4
#
# JRE version: OpenJDK Runtime Environment (8.0_152-b39) (build 1.8.0_152-release-1136-b39)
# Java VM: OpenJDK 64-Bit Server VM (25.152-b39 mixed mode windows-amd64 compressed oops)
# Problematic frame:
# J 1776 C1 macromedia.asc.parser.VariableBindingNode.pos()I (11 bytes) @ 0x0000000002b1d5e4 [0x0000000002b1d580+0x64]
#
# Failed to write core dump. Minidumps are not enabled by default on client versions of Windows
#
# If you would like to submit a bug report, please visit:
#   http://bugreport.java.com/bugreport/crash.jsp
#

---------------  T H R E A D  ---------------

Current thread (0x00000000162a8800):  JavaThread "Thread-0" daemon [_thread_in_Java, id=12228, stack(0x00000000172b0000,0x00000000173b0000)]

siginfo: ExceptionCode=0xc0000005, reading address 0x0000000000009ce4

Registers:
RAX=0x0000000000009ce4, RBX=0x000000001841a548, RCX=0x00000000e1f984e8, RDX=0x00000000e1f984e8
RSP=0x00000000173aea90, RBP=0x00000000173aeb48, RSI=0x0000000000000cd8, RDI=0x0000000000000108
R8 =0x0000000000000002, R9 =0x00000000ffffffb1, R10=0x000000006f08c7b0, R11=0x0000000002b1d5a0
R12=0x0000000000000000, R13=0x00000000173aeaf0, R14=0x0000000000000000, R15=0x00000000162a8800
RIP=0x0000000002b1d5e4, EFLAGS=0x0000000000010206

Top of Stack: (sp=0x00000000173aea90)
0x00000000173aea90:   00000000173aeb48 0000000003309734
0x00000000173aeaa0:   00000000173aeb48 0000000002b1c0fc
0x00000000173aeab0:   00000000f5dc02f8 0000000002fc2cdc
0x00000000173aeac0:   00000000e1f984b8 0000000002abb94c
0x00000000173aead0:   00000000173aeb48 00000000024c7ae0
0x00000000173aeae0:   00000000173aeb48 00000000024c7ae0
0x00000000173aeaf0:   00000000e1f984e8 00000000e1f11e30
0x00000000173aeb00:   00000000f5dc02f8 00000000173aeb08
0x00000000173aeb10:   000000001868f31f 00000000173aebc8
0x00000000173aeb20:   00000000186943b8 0000000000000000
0x00000000173aeb30:   000000001868f450 00000000173aeaf0
0x00000000173aeb40:   00000000173aebd0 00000000f5dc02f8
0x00000000173aeb50:   0000000002f23090 0000000000000000
0x00000000173aeb60:   0000000000000000 0000000000000000
0x00000000173aeb70:   00000000e1e694a0 0000000000000002
0x00000000173aeb80:   00000000f97609e0 0000000000000000 

Instructions: (pc=0x0000000002b1d5e4)
0x0000000002b1d5c4:   00 48 b8 48 a5 41 18 00 00 00 00 81 e6 f8 1f 00
0x0000000002b1d5d4:   00 83 fe 00 0f 84 a5 01 00 00 8b 42 18 8b 40 18
0x0000000002b1d5e4:   48 3b 00 48 8b f0 48 bf b8 bb 5e 18 00 00 00 00
0x0000000002b1d5f4:   8b 76 08 48 c1 e6 03 48 3b b7 10 01 00 00 75 0d 


Register to memory mapping:

RAX=0x0000000000009ce4 is an unknown value
RBX={method} {0x000000001841a550} 'pos' '()I' in 'macromedia/asc/parser/VariableBindingNode'
RCX=0x00000000e1f984e8 is an oop
macromedia.asc.parser.VariableBindingNode 
 - klass: 'macromedia/asc/parser/VariableBindingNode'
RDX=0x00000000e1f984e8 is an oop
macromedia.asc.parser.VariableBindingNode 
 - klass: 'macromedia/asc/parser/VariableBindingNode'
RSP=0x00000000173aea90 is pointing into the stack for thread: 0x00000000162a8800
RBP=0x00000000173aeb48 is pointing into the stack for thread: 0x00000000162a8800
RSI=0x0000000000000cd8 is an unknown value
RDI=0x0000000000000108 is an unknown value
R8 =0x0000000000000002 is an unknown value
R9 =0x00000000ffffffb1 is an unknown value
R10=0x000000006f08c7b0 is an unknown value
R11=0x0000000002b1d5a0 is at entry_point+32 in (nmethod*)0x0000000002b1d410
R12=0x0000000000000000 is an unknown value
R13=0x00000000173aeaf0 is pointing into the stack for thread: 0x00000000162a8800
R14=0x0000000000000000 is an unknown value
R15=0x00000000162a8800 is a thread


Stack: [0x00000000172b0000,0x00000000173b0000],  sp=0x00000000173aea90,  free space=1018k
Native frames: (J=compiled Java code, j=interpreted, Vv=VM code, C=native code)
C  0x0000000002b1d5e4


---------------  P R O C E S S  ---------------

Java Threads: ( => current thread )
=>0x00000000162a8800 JavaThread "Thread-0" daemon [_thread_in_Java, id=12228, stack(0x00000000172b0000,0x00000000173b0000)]
  0x000000001517e000 JavaThread "Service Thread" daemon [_thread_blocked, id=5260, stack(0x0000000015570000,0x0000000015670000)]
  0x000000001388d000 JavaThread "C1 CompilerThread2" daemon [_thread_blocked, id=13536, stack(0x0000000015070000,0x0000000015170000)]
  0x0000000013887000 JavaThread "C2 CompilerThread1" daemon [_thread_in_native, id=13520, stack(0x0000000014f70000,0x0000000015070000)]
  0x0000000013836000 JavaThread "C2 CompilerThread0" daemon [_thread_blocked, id=13432, stack(0x0000000014e70000,0x0000000014f70000)]
  0x0000000013835000 JavaThread "Attach Listener" daemon [_thread_blocked, id=7140, stack(0x0000000014d70000,0x0000000014e70000)]
  0x0000000013833000 JavaThread "Signal Dispatcher" daemon [_thread_blocked, id=13720, stack(0x0000000014c70000,0x0000000014d70000)]
  0x00000000024be800 JavaThread "Finalizer" daemon [_thread_blocked, id=13376, stack(0x0000000014a90000,0x0000000014b90000)]
  0x00000000024b3000 JavaThread "Reference Handler" daemon [_thread_blocked, id=13696, stack(0x0000000014990000,0x0000000014a90000)]
  0x0000000000a6d800 JavaThread "main" [_thread_in_native, id=13492, stack(0x0000000002260000,0x0000000002360000)]

Other Threads:
  0x00000000137f6800 VMThread [stack: 0x0000000014890000,0x0000000014990000] [id=13268]
  0x0000000015174000 WatcherThread [stack: 0x0000000015670000,0x0000000015770000] [id=12764]

VM state:not at safepoint (normal execution)

VM Mutex/Monitor currently owned by a thread: None

Heap:
 PSYoungGen      total 71680K, used 15579K [0x00000000f5580000, 0x0000000100000000, 0x0000000100000000)
  eden space 66560K, 15% used [0x00000000f5580000,0x00000000f5fb8d58,0x00000000f9680000)
  from space 5120K, 99% used [0x00000000f9680000,0x00000000f9b7e1f0,0x00000000f9b80000)
  to   space 26112K, 0% used [0x00000000fe680000,0x00000000fe680000,0x0000000100000000)
 ParOldGen       total 87552K, used 47574K [0x00000000e0000000, 0x00000000e5580000, 0x00000000f5580000)
  object space 87552K, 54% used [0x00000000e0000000,0x00000000e2e75a30,0x00000000e5580000)
 Metaspace       used 12964K, capacity 13082K, committed 13312K, reserved 1060864K
  class space    used 1203K, capacity 1237K, committed 1280K, reserved 1048576K

Card table byte_map: [0x0000000011880000,0x0000000011990000] byte_map_base: 0x0000000011180000

Marking Bits: (ParMarkBitMap*) 0x000000006f0a5aa0
 Begin Bits: [0x0000000011d90000, 0x0000000012590000)
 End Bits:   [0x0000000012590000, 0x0000000012d90000)

Polling page: 0x0000000000a20000

CodeCache: size=245760Kb used=14851Kb max_used=14869Kb free=230908Kb
 bounds [0x00000000024c0000, 0x0000000003360000, 0x00000000114c0000]
 total_blobs=3343 nmethods=2973 adapters=281
 compilation: enabled

Compilation events (10 events):
Event: 4.458 Thread 0x000000001388d000 nmethod 3009 0x0000000003315c90 code [0x0000000003316000, 0x0000000003317048]
Event: 4.458 Thread 0x000000001388d000 3010       2       macromedia.asc.semantics.CodeGenerator::evaluate (17 bytes)
Event: 4.458 Thread 0x000000001388d000 nmethod 3010 0x00000000033184d0 code [0x0000000003318640, 0x00000000033187e8]
Event: 4.458 Thread 0x000000001388d000 3011       2       macromedia.asc.semantics.Emitter::PushString (16 bytes)
Event: 4.458 Thread 0x000000001388d000 nmethod 3011 0x00000000033188d0 code [0x0000000003318a40, 0x0000000003318bc8]
Event: 4.458 Thread 0x000000001388d000 3012       2       macromedia.asc.embedding.avmplus.ActionBlockEmitter::PushString (130 bytes)
Event: 4.459 Thread 0x000000001388d000 nmethod 3012 0x0000000003318c50 code [0x0000000003318e80, 0x00000000033195b8]
Event: 4.459 Thread 0x000000001388d000 3013       2       macromedia.asc.embedding.avmplus.ActionBlockEmitter::Pushstring (70 bytes)
Event: 4.459 Thread 0x000000001388d000 nmethod 3013 0x0000000003319c10 code [0x0000000003319de0, 0x000000000331a318]
Event: 4.459 Thread 0x000000001388d000 3014       2       macromedia.asc.semantics.CodeGenerator::evaluate (1455 bytes)

GC Heap History (10 events):
Event: 1.055 GC heap before
{Heap before GC invocations=1 (full 0):
 PSYoungGen      total 38400K, used 33280K [0x00000000f5580000, 0x00000000f8000000, 0x0000000100000000)
  eden space 33280K, 100% used [0x00000000f5580000,0x00000000f7600000,0x00000000f7600000)
  from space 5120K, 0% used [0x00000000f7b00000,0x00000000f7b00000,0x00000000f8000000)
  to   space 5120K, 0% used [0x00000000f7600000,0x00000000f7600000,0x00000000f7b00000)
 ParOldGen       total 87552K, used 0K [0x00000000e0000000, 0x00000000e5580000, 0x00000000f5580000)
  object space 87552K, 0% used [0x00000000e0000000,0x00000000e0000000,0x00000000e5580000)
 Metaspace       used 8008K, capacity 8154K, committed 8320K, reserved 1056768K
  class space    used 822K, capacity 853K, committed 896K, reserved 1048576K
Event: 1.063 GC heap after
Heap after GC invocations=1 (full 0):
 PSYoungGen      total 38400K, used 5088K [0x00000000f5580000, 0x00000000f8000000, 0x0000000100000000)
  eden space 33280K, 0% used [0x00000000f5580000,0x00000000f5580000,0x00000000f7600000)
  from space 5120K, 99% used [0x00000000f7600000,0x00000000f7af8050,0x00000000f7b00000)
  to   space 5120K, 0% used [0x00000000f7b00000,0x00000000f7b00000,0x00000000f8000000)
 ParOldGen       total 87552K, used 3641K [0x00000000e0000000, 0x00000000e5580000, 0x00000000f5580000)
  object space 87552K, 4% used [0x00000000e0000000,0x00000000e038e638,0x00000000e5580000)
 Metaspace       used 8008K, capacity 8154K, committed 8320K, reserved 1056768K
  class space    used 822K, capacity 853K, committed 896K, reserved 1048576K
}
Event: 1.460 GC heap before
{Heap before GC invocations=2 (full 0):
 PSYoungGen      total 38400K, used 38149K [0x00000000f5580000, 0x00000000f8000000, 0x0000000100000000)
  eden space 33280K, 99% used [0x00000000f5580000,0x00000000f75c9528,0x00000000f7600000)
  from space 5120K, 99% used [0x00000000f7600000,0x00000000f7af8050,0x00000000f7b00000)
  to   space 5120K, 0% used [0x00000000f7b00000,0x00000000f7b00000,0x00000000f8000000)
 ParOldGen       total 87552K, used 3641K [0x00000000e0000000, 0x00000000e5580000, 0x00000000f5580000)
  object space 87552K, 4% used [0x00000000e0000000,0x00000000e038e638,0x00000000e5580000)
 Metaspace       used 9994K, capacity 10138K, committed 10368K, reserved 1058816K
  class space    used 1050K, capacity 1109K, committed 1152K, reserved 1048576K
Event: 1.506 GC heap after
Heap after GC invocations=2 (full 0):
 PSYoungGen      total 38400K, used 5111K [0x00000000f5580000, 0x00000000fa080000, 0x0000000100000000)
  eden space 33280K, 0% used [0x00000000f5580000,0x00000000f5580000,0x00000000f7600000)
  from space 5120K, 99% used [0x00000000f7b00000,0x00000000f7ffdd50,0x00000000f8000000)
  to   space 5120K, 0% used [0x00000000f7600000,0x00000000f7600000,0x00000000f7b00000)
 ParOldGen       total 87552K, used 14484K [0x00000000e0000000, 0x00000000e5580000, 0x00000000f5580000)
  object space 87552K, 16% used [0x00000000e0000000,0x00000000e0e251f0,0x00000000e5580000)
 Metaspace       used 9994K, capacity 10138K, committed 10368K, reserved 1058816K
  class space    used 1050K, capacity 1109K, committed 1152K, reserved 1048576K
}
Event: 2.215 GC heap before
{Heap before GC invocations=3 (full 0):
 PSYoungGen      total 38400K, used 38391K [0x00000000f5580000, 0x00000000fa080000, 0x0000000100000000)
  eden space 33280K, 100% used [0x00000000f5580000,0x00000000f7600000,0x00000000f7600000)
  from space 5120K, 99% used [0x00000000f7b00000,0x00000000f7ffdd50,0x00000000f8000000)
  to   space 5120K, 0% used [0x00000000f7600000,0x00000000f7600000,0x00000000f7b00000)
 ParOldGen       total 87552K, used 14484K [0x00000000e0000000, 0x00000000e5580000, 0x00000000f5580000)
  object space 87552K, 16% used [0x00000000e0000000,0x00000000e0e251f0,0x00000000e5580000)
 Metaspace       used 11992K, capacity 12058K, committed 12288K, reserved 1060864K
  class space    used 1190K, capacity 1237K, committed 1280K, reserved 1048576K
Event: 2.281 GC heap after
Heap after GC invocations=3 (full 0):
 PSYoungGen      total 38400K, used 5098K [0x00000000f5580000, 0x00000000fa080000, 0x0000000100000000)
  eden space 33280K, 0% used [0x00000000f5580000,0x00000000f5580000,0x00000000f7600000)
  from space 5120K, 99% used [0x00000000f7600000,0x00000000f7afa9f0,0x00000000f7b00000)
  to   space 5120K, 0% used [0x00000000f9b80000,0x00000000f9b80000,0x00000000fa080000)
 ParOldGen       total 87552K, used 24801K [0x00000000e0000000, 0x00000000e5580000, 0x00000000f5580000)
  object space 87552K, 28% used [0x00000000e0000000,0x00000000e18385f8,0x00000000e5580000)
 Metaspace       used 11992K, capacity 12058K, committed 12288K, reserved 1060864K
  class space    used 1190K, capacity 1237K, committed 1280K, reserved 1048576K
}
Event: 3.045 GC heap before
{Heap before GC invocations=4 (full 0):
 PSYoungGen      total 38400K, used 38378K [0x00000000f5580000, 0x00000000fa080000, 0x0000000100000000)
  eden space 33280K, 100% used [0x00000000f5580000,0x00000000f7600000,0x00000000f7600000)
  from space 5120K, 99% used [0x00000000f7600000,0x00000000f7afa9f0,0x00000000f7b00000)
  to   space 5120K, 0% used [0x00000000f9b80000,0x00000000f9b80000,0x00000000fa080000)
 ParOldGen       total 87552K, used 24801K [0x00000000e0000000, 0x00000000e5580000, 0x00000000f5580000)
  object space 87552K, 28% used [0x00000000e0000000,0x00000000e18385f8,0x00000000e5580000)
 Metaspace       used 12131K, capacity 12314K, committed 12544K, reserved 1060864K
  class space    used 1190K, capacity 1237K, committed 1280K, reserved 1048576K
Event: 3.065 GC heap after
Heap after GC invocations=4 (full 0):
 PSYoungGen      total 71680K, used 5098K [0x00000000f5580000, 0x00000000fa080000, 0x0000000100000000)
  eden space 66560K, 0% used [0x00000000f5580000,0x00000000f5580000,0x00000000f9680000)
  from space 5120K, 99% used [0x00000000f9b80000,0x00000000fa07ab90,0x00000000fa080000)
  to   space 5120K, 0% used [0x00000000f9680000,0x00000000f9680000,0x00000000f9b80000)
 ParOldGen       total 87552K, used 28292K [0x00000000e0000000, 0x00000000e5580000, 0x00000000f5580000)
  object space 87552K, 32% used [0x00000000e0000000,0x00000000e1ba1080,0x00000000e5580000)
 Metaspace       used 12131K, capacity 12314K, committed 12544K, reserved 1060864K
  class space    used 1190K, capacity 1237K, committed 1280K, reserved 1048576K
}
Event: 4.232 GC heap before
{Heap before GC invocations=5 (full 0):
 PSYoungGen      total 71680K, used 71658K [0x00000000f5580000, 0x00000000fa080000, 0x0000000100000000)
  eden space 66560K, 100% used [0x00000000f5580000,0x00000000f9680000,0x00000000f9680000)
  from space 5120K, 99% used [0x00000000f9b80000,0x00000000fa07ab90,0x00000000fa080000)
  to   space 5120K, 0% used [0x00000000f9680000,0x00000000f9680000,0x00000000f9b80000)
 ParOldGen       total 87552K, used 28292K [0x00000000e0000000, 0x00000000e5580000, 0x00000000f5580000)
  object space 87552K, 32% used [0x00000000e0000000,0x00000000e1ba1080,0x00000000e5580000)
 Metaspace       used 12817K, capacity 12954K, committed 13056K, reserved 1060864K
  class space    used 1203K, capacity 1237K, committed 1280K, reserved 1048576K
Event: 4.289 GC heap after
Heap after GC invocations=5 (full 0):
 PSYoungGen      total 71680K, used 5112K [0x00000000f5580000, 0x0000000100000000, 0x0000000100000000)
  eden space 66560K, 0% used [0x00000000f5580000,0x00000000f5580000,0x00000000f9680000)
  from space 5120K, 99% used [0x00000000f9680000,0x00000000f9b7e1f0,0x00000000f9b80000)
  to   space 26112K, 0% used [0x00000000fe680000,0x00000000fe680000,0x0000000100000000)
 ParOldGen       total 87552K, used 47574K [0x00000000e0000000, 0x00000000e5580000, 0x00000000f5580000)
  object space 87552K, 54% used [0x00000000e0000000,0x00000000e2e75a30,0x00000000e5580000)
 Metaspace       used 12817K, capacity 12954K, committed 13056K, reserved 1060864K
  class space    used 1203K, capacity 1237K, committed 1280K, reserved 1048576K
}

Deoptimization events (10 events):
Event: 4.341 Thread 0x00000000162a8800 Uncommon trap: reason=class_check action=maybe_recompile pc=0x0000000002c64df4 method=macromedia.asc.util.ObjectList.equals(Ljava/lang/Object;)Z @ 62
Event: 4.342 Thread 0x00000000162a8800 Uncommon trap: reason=bimorphic action=maybe_recompile pc=0x0000000002c2400c method=java.util.AbstractList.hashCode()I @ 36
Event: 4.342 Thread 0x00000000162a8800 Uncommon trap: reason=class_check action=maybe_recompile pc=0x0000000003274770 method=macromedia.asc.semantics.ReferenceValue.findUnqualified(Lmacromedia/asc/util/Context;I)Z @ 218
Event: 4.342 Thread 0x00000000162a8800 Uncommon trap: reason=bimorphic action=maybe_recompile pc=0x0000000002d09080 method=java.util.AbstractList.hashCode()I @ 36
Event: 4.342 Thread 0x00000000162a8800 Uncommon trap: reason=class_check action=maybe_recompile pc=0x0000000002c64df4 method=macromedia.asc.util.ObjectList.equals(Ljava/lang/Object;)Z @ 62
Event: 4.342 Thread 0x00000000162a8800 Uncommon trap: reason=class_check action=maybe_recompile pc=0x0000000003274770 method=macromedia.asc.semantics.ReferenceValue.findUnqualified(Lmacromedia/asc/util/Context;I)Z @ 218
Event: 4.342 Thread 0x00000000162a8800 Uncommon trap: reason=class_check action=maybe_recompile pc=0x0000000002c64df4 method=macromedia.asc.util.ObjectList.equals(Ljava/lang/Object;)Z @ 62
Event: 4.342 Thread 0x00000000162a8800 Uncommon trap: reason=class_check action=maybe_recompile pc=0x0000000003274770 method=macromedia.asc.semantics.ReferenceValue.findUnqualified(Lmacromedia/asc/util/Context;I)Z @ 218
Event: 4.342 Thread 0x00000000162a8800 Uncommon trap: reason=class_check action=maybe_recompile pc=0x0000000002c64df4 method=macromedia.asc.util.ObjectList.equals(Ljava/lang/Object;)Z @ 62
Event: 4.344 Thread 0x00000000162a8800 Uncommon trap: reason=predicate action=maybe_recompile pc=0x000000000328829c method=java.util.TreeMap.getEntry(Ljava/lang/Object;)Ljava/util/TreeMap$Entry; @ 39

Classes redefined (0 events):
No events

Internal exceptions (10 events):
Event: 0.604 Thread 0x00000000162a8800 Exception <a 'java/security/PrivilegedActionException'> (0x00000000f61dec28) thrown at [C:\BuildAgent\work\23225f20456de788\hotspot\src\share\vm\prims\jvm.cpp, line 1390]
Event: 0.604 Thread 0x00000000162a8800 Exception <a 'java/security/PrivilegedActionException'> (0x00000000f61df020) thrown at [C:\BuildAgent\work\23225f20456de788\hotspot\src\share\vm\prims\jvm.cpp, line 1390]
Event: 0.613 Thread 0x00000000162a8800 Exception <a 'java/security/PrivilegedActionException'> (0x00000000f6209b10) thrown at [C:\BuildAgent\work\23225f20456de788\hotspot\src\share\vm\prims\jvm.cpp, line 1390]
Event: 0.613 Thread 0x00000000162a8800 Exception <a 'java/security/PrivilegedActionException'> (0x00000000f6209f08) thrown at [C:\BuildAgent\work\23225f20456de788\hotspot\src\share\vm\prims\jvm.cpp, line 1390]
Event: 0.749 Thread 0x00000000162a8800 Exception <a 'java/lang/ClassNotFoundException': sun/net/www/protocol/c/Handler> (0x00000000f67c7718) thrown at [C:\BuildAgent\work\23225f20456de788\hotspot\src\share\vm\classfile\systemDictionary.cpp, line 210]
Event: 0.798 Thread 0x00000000162a8800 Exception <a 'java/lang/ClassNotFoundException': sun/net/www/protocol/c/Handler> (0x00000000f691ad20) thrown at [C:\BuildAgent\work\23225f20456de788\hotspot\src\share\vm\classfile\systemDictionary.cpp, line 210]
Event: 1.835 Thread 0x00000000162a8800 Implicit null exception at 0x0000000002a1d83f to 0x0000000002a1dcc1
Event: 2.082 Thread 0x00000000162a8800 Implicit null exception at 0x0000000002a3d275 to 0x0000000002a3e48d
Event: 3.421 Thread 0x00000000162a8800 Implicit null exception at 0x0000000002a4957b to 0x0000000002a49c8d
Event: 3.421 Thread 0x00000000162a8800 Implicit null exception at 0x000000000271cdaf to 0x000000000271ce19

Events (10 events):
Event: 4.342 Thread 0x00000000162a8800 DEOPT PACKING pc=0x0000000003274770 sp=0x00000000173ae310
Event: 4.342 Thread 0x00000000162a8800 DEOPT UNPACKING pc=0x000000000250557b sp=0x00000000173ae2a0 mode 2
Event: 4.342 Thread 0x00000000162a8800 Uncommon trap: trap_request=0xffffffde fr.pc=0x0000000002c64df4
Event: 4.342 Thread 0x00000000162a8800 DEOPT PACKING pc=0x0000000002c64df4 sp=0x00000000173ae030
Event: 4.342 Thread 0x00000000162a8800 DEOPT UNPACKING pc=0x000000000250557b sp=0x00000000173adfd8 mode 2
Event: 4.344 Thread 0x00000000162a8800 Uncommon trap: trap_request=0xffffff86 fr.pc=0x000000000328829c
Event: 4.344 Thread 0x00000000162a8800 DEOPT PACKING pc=0x000000000328829c sp=0x00000000173ae650
Event: 4.344 Thread 0x00000000162a8800 DEOPT UNPACKING pc=0x000000000250557b sp=0x00000000173ae5e8 mode 2
Event: 4.372 Thread 0x00000000162a8800 DEOPT PACKING pc=0x0000000002b4ec55 sp=0x00000000173aeb50
Event: 4.372 Thread 0x00000000162a8800 DEOPT UNPACKING pc=0x00000000025075d0 sp=0x00000000173ae970 mode 0


Dynamic libraries:
0x00007ff60c4f0000 - 0x00007ff60c521000 	C:\Program Files\JetBrains\IntelliJ IDEA 2018.1.2\jre64\bin\java.exe
0x00007ffbcced0000 - 0x00007ffbcd07d000 	C:\Windows\SYSTEM32\ntdll.dll
0x00007ffbcc860000 - 0x00007ffbcc99e000 	C:\Windows\system32\KERNEL32.DLL
0x00007ffbc3400000 - 0x00007ffbc3434000 	C:\Program Files (x86)\AVG\Antivirus\x64\aswhooka.dll
0x00007ffbca3e0000 - 0x00007ffbca4f6000 	C:\Windows\system32\KERNELBASE.dll
0x00007ffbccc10000 - 0x00007ffbcccba000 	C:\Windows\system32\ADVAPI32.dll
0x00007ffbcac20000 - 0x00007ffbcad97000 	C:\Windows\system32\USER32.dll
0x00007ffbc9850000 - 0x00007ffbc9acb000 	C:\Windows\WinSxS\amd64_microsoft.windows.common-controls_6595b64144ccf1df_6.0.9600.18006_none_623f33d3ecbe86e8\COMCTL32.dll
0x00007ffbccb60000 - 0x00007ffbccc0a000 	C:\Windows\system32\msvcrt.dll
0x00007ffbcada0000 - 0x00007ffbcadf9000 	C:\Windows\SYSTEM32\sechost.dll
0x00007ffbcc720000 - 0x00007ffbcc860000 	C:\Windows\system32\RPCRT4.dll
0x00007ffbccd80000 - 0x00007ffbccecb000 	C:\Windows\system32\GDI32.dll
0x00007ffbca0d0000 - 0x00007ffbca0fe000 	C:\Windows\system32\SspiCli.dll
0x00007ffbcae00000 - 0x00007ffbcae36000 	C:\Windows\system32\IMM32.DLL
0x00007ffbcc9a0000 - 0x00007ffbccaf1000 	C:\Windows\system32\MSCTF.dll
0x000000006e800000 - 0x000000006e8d2000 	C:\Program Files\JetBrains\IntelliJ IDEA 2018.1.2\jre64\bin\msvcr100.dll
0x000000006e8e0000 - 0x000000006f121000 	C:\Program Files\JetBrains\IntelliJ IDEA 2018.1.2\jre64\bin\server\jvm.dll
0x00007ffbc1b80000 - 0x00007ffbc1b89000 	C:\Windows\SYSTEM32\WSOCK32.dll
0x00007ffbc4740000 - 0x00007ffbc4762000 	C:\Windows\SYSTEM32\WINMM.dll
0x00007ffbc87b0000 - 0x00007ffbc87ba000 	C:\Windows\SYSTEM32\VERSION.dll
0x00007ffbcc710000 - 0x00007ffbcc717000 	C:\Windows\system32\PSAPI.DLL
0x00007ffbccb00000 - 0x00007ffbccb5a000 	C:\Windows\system32\WS2_32.dll
0x00007ffbc45d0000 - 0x00007ffbc45fa000 	C:\Windows\SYSTEM32\WINMMBASE.dll
0x00007ffbcc5c0000 - 0x00007ffbcc5c9000 	C:\Windows\system32\NSI.dll
0x00007ffbca2e0000 - 0x00007ffbca32f000 	C:\Windows\SYSTEM32\cfgmgr32.dll
0x00007ffbc8350000 - 0x00007ffbc8378000 	C:\Windows\SYSTEM32\DEVOBJ.dll
0x00007ffbc3360000 - 0x00007ffbc336f000 	C:\Program Files\JetBrains\IntelliJ IDEA 2018.1.2\jre64\bin\verify.dll
0x00007ffbbbb50000 - 0x00007ffbbbb79000 	C:\Program Files\JetBrains\IntelliJ IDEA 2018.1.2\jre64\bin\java.dll
0x00007ffbbcfc0000 - 0x00007ffbbcfd6000 	C:\Program Files\JetBrains\IntelliJ IDEA 2018.1.2\jre64\bin\zip.dll
0x00007ffbcae40000 - 0x00007ffbcc36c000 	C:\Windows\system32\SHELL32.dll
0x00007ffbca5c0000 - 0x00007ffbca7d2000 	C:\Windows\SYSTEM32\combase.dll
0x00007ffbcc5d0000 - 0x00007ffbcc624000 	C:\Windows\system32\SHLWAPI.dll
0x00007ffbc9720000 - 0x00007ffbc97d2000 	C:\Windows\SYSTEM32\SHCORE.dll
0x00007ffbca000000 - 0x00007ffbca015000 	C:\Windows\SYSTEM32\profapi.dll
0x00007ffbbbd90000 - 0x00007ffbbbdaa000 	C:\Program Files\JetBrains\IntelliJ IDEA 2018.1.2\jre64\bin\net.dll
0x00007ffbc9430000 - 0x00007ffbc9489000 	C:\Windows\system32\mswsock.dll
0x00007ffbbcbb0000 - 0x00007ffbbcbc5000 	C:\Windows\system32\napinsp.dll
0x00007ffbbcb90000 - 0x00007ffbbcbaa000 	C:\Windows\system32\pnrpnsp.dll
0x00007ffbc56e0000 - 0x00007ffbc56fb000 	C:\Windows\system32\NLAapi.dll
0x00007ffbc9230000 - 0x00007ffbc92d4000 	C:\Windows\SYSTEM32\DNSAPI.dll
0x00007ffbbcce0000 - 0x00007ffbbcced000 	C:\Windows\System32\winrnr.dll
0x00007ffbbcbd0000 - 0x00007ffbbcbe4000 	C:\Windows\system32\wshbth.dll
0x000000006f360000 - 0x000000006f386000 	C:\Program Files\Bonjour\mdnsNSP.dll
0x00007ffbc9d40000 - 0x00007ffbc9d6a000 	C:\Windows\SYSTEM32\Iphlpapi.DLL
0x00007ffbc9840000 - 0x00007ffbc984a000 	C:\Windows\SYSTEM32\WINNSI.DLL
0x00007ffbbe850000 - 0x00007ffbbe85a000 	C:\Windows\System32\rasadhlp.dll
0x00007ffbc8880000 - 0x00007ffbc88eb000 	C:\Windows\System32\fwpuclnt.dll
0x00007ffbbfdf0000 - 0x00007ffbbff79000 	C:\Windows\SYSTEM32\dbghelp.dll

VM Arguments:
jvm_args: -Dapplication.home=C:\Users\PhilipD\Desktop\New folder (3)\flex_sdk_4.9.1 -Dfile.encoding=UTF-8 -Djava.awt.headless=true -Duser.language=en -Duser.region=en -Xmx512m 
java_command: com.intellij.flex.compiler.FlexCompiler 55610
java_class_path (initial): C:\Program Files\JetBrains\IntelliJ IDEA 2018.1.2\plugins\flex\lib\idea-flex-compiler-fix.jar;C:\Program Files\JetBrains\IntelliJ IDEA 2018.1.2\plugins\flex\lib\flex-compiler.jar;C:\Users\PhilipD\Desktop\New folder (3)\flex_sdk_4.9.1\lib\flex-compiler-oem.jar
Launcher Type: SUN_STANDARD

Environment Variables:
PATH=C:\Program Files (x86)\Common Files\Oracle\Java\javapath;C:\ProgramData\Oracle\Java\javapath;C:\Windows\system32;C:\Windows;C:\Windows\System32\Wbem;C:\Windows\System32\WindowsPowerShell\v1.0\;C:\Program Files (x86)\Skype\Phone\;C:\Program Files (x86)\NVIDIA Corporation\PhysX\Common;C:\Program Files\Git\cmd;;C:\Program Files\Microsoft VS Code\bin
USERNAME=PhilipD
OS=Windows_NT
PROCESSOR_IDENTIFIER=Intel64 Family 6 Model 42 Stepping 7, GenuineIntel



---------------  S Y S T E M  ---------------

OS: Windows 8.1 , 64 bit Build 9600 (6.3.9600.17415)

CPU:total 4 (initial active 4) (4 cores per cpu, 1 threads per core) family 6 model 42 stepping 7, cmov, cx8, fxsr, mmx, sse, sse2, sse3, ssse3, sse4.1, sse4.2, popcnt, avx, aes, clmul, tsc, tscinvbit

Memory: 4k page, physical 8296620k(1575880k free), swap 16685228k(6522380k free)

vm_info: OpenJDK 64-Bit Server VM (25.152-b39) for windows-amd64 JRE (1.8.0_152-release-1136-b39), built on May 14 2018 16:48:09 by "builduser" with MS VC++ 10.0 (VS2010)

time: Sun Jul 15 01:00:12 2018
elapsed time: 4 seconds (0d 0h 0m 4s)

